<?xml version="1.0" encoding="UTF-8"?>
<testsuites name="API Regression Test" time="131.898" tests="13" failures="1" errors="0">
   <testsuite name="API Regression Test" tests="13" failures="1" errors="0" time="131.898" skipped="0" timestamp="19-07-2024T10:20:46" hostname="linh.phan - 10.10.33.205" id="Test Suites/API/API Regression Test">
      <properties>
         <property name="deviceName" value=""/>
         <property name="devicePlatform" value=""/>
         <property name="logFolder" value="/Users/linh.phan/Automation_Katalon_QE/katalon-healthcare/Reports/20240719_102040/API/API Regression Test/20240719_102040"/>
         <property name="logFiles" value="/Users/linh.phan/Automation_Katalon_QE/katalon-healthcare/Reports/20240719_102040/API/API Regression Test/20240719_102040/execution0.log"/>
         <property name="attachments" value=""/>
         <property name="hostName" value="linh.phan - 10.10.33.205"/>
         <property name="hostAddress" value="10.10.33.205"/>
         <property name="os" value="Mac OS X 64bit"/>
         <property name="katalonVersion" value="9.3.1.212"/>
      </properties>
      <testcase name="Test Cases/API/Medicines/PUT_Verify request update medicine successfully" time="12.629" classname="Test Cases/API/Medicines/PUT_Verify request update medicine successfully" status="PASSED">
         <system-out><![CDATA[19-07-2024T10:20:46 - [TEST_CASE][PASSED] - Test Cases/API/Medicines/PUT_Verify request update medicine successfully: Test Cases/API/Medicines/PUT_Verify request update medicine successfully

19-07-2024T10:20:46 - [TEST_STEP][PASSED] - Start listener action : before: null

19-07-2024T10:20:46 - [TEST_STEP][PASSED] - if (isApiTestCase(testCaseContext.getTestCaseId())): null

19-07-2024T10:20:47 - [TEST_STEP][PASSED] - if (isWebTestCase(testCaseContext.getTestCaseId())): null

19-07-2024T10:20:47 - [TEST_STEP][PASSED] - Start listener action : openApplication: null

19-07-2024T10:20:47 - [TEST_STEP][PASSED] - if (!(isAPIRunning) & !(isWebRunning)): null

19-07-2024T10:20:47 - [TEST_STEP][PASSED] - Start listener action : openBrowser: null

19-07-2024T10:20:47 - [TEST_STEP][PASSED] - if (!(isAPIRunning) & isWebRunning): null

19-07-2024T10:20:47 - [TEST_STEP][PASSED] - user = withRole("Doctor").getFirst(): null

19-07-2024T10:20:47 - [TEST_STEP][PASSED] - doctorToken = signIn(email, pwd).getAccessToken(): Send request successfully

19-07-2024T10:20:51 - [MESSAGE][INFO] - HAR: /Users/linh.phan/Automation_Katalon_QE/katalon-healthcare/Reports/20240719_102040/API/API Regression Test/20240719_102040/requests/main/0.har

19-07-2024T10:20:51 - [MESSAGE][PASSED] - Send request successfully

19-07-2024T10:20:51 - [TEST_STEP][PASSED] - accountData = data: Send request successfully

19-07-2024T10:20:52 - [MESSAGE][INFO] - HAR: /Users/linh.phan/Automation_Katalon_QE/katalon-healthcare/Reports/20240719_102040/API/API Regression Test/20240719_102040/requests/main/1.har

19-07-2024T10:20:52 - [MESSAGE][PASSED] - Send request successfully

19-07-2024T10:20:52 - [TEST_STEP][PASSED] - accountId = id: null

19-07-2024T10:20:52 - [TEST_STEP][PASSED] - accountName = fullName: null

19-07-2024T10:20:52 - [TEST_STEP][PASSED] - accountRole = role: null

19-07-2024T10:20:52 - [TEST_STEP][PASSED] - medicineId = getAllMedicines(doctorToken).getRandomMedicine()["medicineUUID"]: Send request successfully

19-07-2024T10:20:54 - [MESSAGE][INFO] - HAR: /Users/linh.phan/Automation_Katalon_QE/katalon-healthcare/Reports/20240719_102040/API/API Regression Test/20240719_102040/requests/main/2.har

19-07-2024T10:20:54 - [MESSAGE][PASSED] - Send request successfully

19-07-2024T10:20:54 - [TEST_STEP][PASSED] - medicineInfo = MedicineUtil).generateRandomInformationForUpdate(): null

19-07-2024T10:20:54 - [TEST_STEP][PASSED] - payLoad = APIUtil).constructPayLoadFromMap(medicineInfo): null

19-07-2024T10:20:54 - [TEST_STEP][PASSED] - response = initRequestObject().requestUpdateMedicine(doctorToken, medicineId, payLoad): Send request successfully

19-07-2024T10:20:55 - [MESSAGE][INFO] - HAR: /Users/linh.phan/Automation_Katalon_QE/katalon-healthcare/Reports/20240719_102040/API/API Regression Test/20240719_102040/requests/main/3.har

19-07-2024T10:20:55 - [MESSAGE][PASSED] - Send request successfully

19-07-2024T10:20:55 - [TEST_STEP][PASSED] - apiMedicine = request: null

19-07-2024T10:20:55 - [TEST_STEP][PASSED] - accountName", accountName).verifyPropertyValue("data.accountRole", accountRole): Verify element property value successfully

19-07-2024T10:20:55 - [MESSAGE][PASSED] - Verify response status code successfully

19-07-2024T10:20:55 - [MESSAGE][PASSED] - Verify element property value successfully

19-07-2024T10:20:55 - [MESSAGE][PASSED] - Verify element property value successfully

19-07-2024T10:20:55 - [MESSAGE][PASSED] - Verify element property value successfully

19-07-2024T10:20:55 - [MESSAGE][PASSED] - Actual object 'QJa gD ZFgqh Hpj swTeTr hqHohNx dUHCrRm fOfPRy nNBHEhi MtJWAjI OH H ddGWmRY w ' and expected object 'QJa gD ZFgqh Hpj swTeTr hqHohNx dUHCrRm fOfPRy nNBHEhi MtJWAjI OH H ddGWmRY w ' are equal

19-07-2024T10:20:55 - [MESSAGE][PASSED] - Actual object 'MXlnEFl N FaVMtPY E ATvTfvo LEi q mmQyuF FQ jIsGfC xyWl ' and expected object 'MXlnEFl N FaVMtPY E ATvTfvo LEi q mmQyuF FQ jIsGfC xyWl ' are equal

19-07-2024T10:20:55 - [MESSAGE][PASSED] - Actual object 'MJV BT bQY vgzbWl ' and expected object 'MJV BT bQY vgzbWl ' are equal

19-07-2024T10:20:55 - [MESSAGE][PASSED] - Actual object 'OmsQv bang ZMweHo xiFYrqm wq cXmHnG MJ dGfCO L WJe EI geLZ FyTGyLR ' and expected object 'OmsQv bang ZMweHo xiFYrqm wq cXmHnG MJ dGfCO L WJe EI geLZ FyTGyLR ' are equal

19-07-2024T10:20:55 - [MESSAGE][PASSED] - Actual object 'lx jDT uqToMFM ZzGW BGoJ aQXVgNx jYvS ZHWV tVA ZzPflF IgQ Ww qgzcMB W S LeNmeB XKsZ o X u ' and expected object 'lx jDT uqToMFM ZzGW BGoJ aQXVgNx jYvS ZHWV tVA ZzPflF IgQ Ww qgzcMB W S LeNmeB XKsZ o X u ' are equal

19-07-2024T10:20:55 - [MESSAGE][PASSED] - Verify element property value successfully

19-07-2024T10:20:55 - [MESSAGE][PASSED] - Verify element property value successfully

19-07-2024T10:20:55 - [MESSAGE][PASSED] - Verify element property value successfully

19-07-2024T10:20:55 - [TEST_STEP][PASSED] - user = withRole("Admin").getFirst(): null

19-07-2024T10:20:55 - [TEST_STEP][PASSED] - requestId = id: null

19-07-2024T10:20:55 - [TEST_STEP][PASSED] - adminToken = signIn(email, pwd).getAccessToken(): Send request successfully

19-07-2024T10:20:57 - [MESSAGE][INFO] - HAR: /Users/linh.phan/Automation_Katalon_QE/katalon-healthcare/Reports/20240719_102040/API/API Regression Test/20240719_102040/requests/main/4.har

19-07-2024T10:20:57 - [MESSAGE][PASSED] - Send request successfully

19-07-2024T10:20:57 - [TEST_STEP][PASSED] - rejectRequest(adminToken, requestId).verifyStatusCode(200): Verify response status code successfully

19-07-2024T10:20:58 - [MESSAGE][INFO] - HAR: /Users/linh.phan/Automation_Katalon_QE/katalon-healthcare/Reports/20240719_102040/API/API Regression Test/20240719_102040/requests/main/5.har

19-07-2024T10:20:58 - [MESSAGE][PASSED] - Send request successfully

19-07-2024T10:20:58 - [MESSAGE][PASSED] - Verify response status code successfully

19-07-2024T10:20:58 - [TEST_STEP][PASSED] - Start listener action : after: null

19-07-2024T10:20:58 - [TEST_STEP][PASSED] - isAPIRunning = false: null

19-07-2024T10:20:58 - [TEST_STEP][ERROR] - Start listener action : closeApplication: com.kms.katalon.core.exception.StepFailedException: Unable to close app
	at com.kms.katalon.core.mobile.keyword.internal.MobileKeywordMain.stepFailed(MobileKeywordMain.groovy:38)
	at com.kms.katalon.core.mobile.keyword.internal.MobileKeywordMain.runKeyword(MobileKeywordMain.groovy:21)
	at com.kms.katalon.core.mobile.keyword.builtin.CloseApplicationKeyword.closeApplication(CloseApplicationKeyword.groovy:37)
	at com.kms.katalon.core.mobile.keyword.builtin.CloseApplicationKeyword.execute(CloseApplicationKeyword.groovy:32)
	at com.kms.katalon.core.keyword.internal.KeywordExecutor.executeKeywordForPlatform(KeywordExecutor.groovy:74)
	at com.kms.katalon.core.mobile.keyword.MobileBuiltInKeywords.closeApplication(MobileBuiltInKeywords.groovy:134)
	at BaseTest.closeApplication(BaseTest.groovy:36)
	at java.base/jdk.internal.reflect.NativeMethodAccessorImpl.invoke0(Native Method)
	at java.base/jdk.internal.reflect.NativeMethodAccessorImpl.invoke(NativeMethodAccessorImpl.java:77)
	at java.base/jdk.internal.reflect.DelegatingMethodAccessorImpl.invoke(DelegatingMethodAccessorImpl.java:43)
	at com.kms.katalon.core.context.internal.TestHooker.invokeMethod(TestHooker.java:111)
	at com.kms.katalon.core.context.internal.TestHooker.lambda$3(TestHooker.java:95)
	at com.kms.katalon.core.context.internal.TestHooker.invokeContextMethods(TestHooker.java:94)
	at com.kms.katalon.core.context.internal.TestListenerCollector.lambda$3(TestListenerCollector.java:88)
	at com.kms.katalon.core.context.internal.TestListenerCollector.handleListenerEvent(TestListenerCollector.java:85)
	at com.kms.katalon.core.context.internal.ExecutionEventManager.publicEvent(ExecutionEventManager.java:36)
	at com.kms.katalon.core.main.TestCaseExecutor.execute(TestCaseExecutor.java:315)
	at com.kms.katalon.core.common.CommonExecutor.accessTestCaseMainPhase(CommonExecutor.java:65)
	at com.kms.katalon.core.main.TestSuiteExecutor.accessTestSuiteMainPhase(TestSuiteExecutor.java:148)
	at com.kms.katalon.core.main.TestSuiteExecutor.execute(TestSuiteExecutor.java:106)
	at com.kms.katalon.core.main.TestCaseMain.startTestSuite(TestCaseMain.java:180)
	at TempTestSuite1721359240774.run(TempTestSuite1721359240774.groovy:35)
	at java.base/jdk.internal.reflect.NativeMethodAccessorImpl.invoke0(Native Method)
	at java.base/jdk.internal.reflect.NativeMethodAccessorImpl.invoke(NativeMethodAccessorImpl.java:77)
	at java.base/jdk.internal.reflect.DelegatingMethodAccessorImpl.invoke(DelegatingMethodAccessorImpl.java:43)
Caused by: com.kms.katalon.core.exception.StepFailedException: No driver found
	at java.base/jdk.internal.reflect.NativeConstructorAccessorImpl.newInstance0(Native Method)
	at java.base/jdk.internal.reflect.NativeConstructorAccessorImpl.newInstance(NativeConstructorAccessorImpl.java:77)
	at java.base/jdk.internal.reflect.DelegatingConstructorAccessorImpl.newInstance(DelegatingConstructorAccessorImpl.java:45)
	at com.kms.katalon.core.mobile.keyword.internal.MobileAbstractKeyword.getAnyAppiumDriver(MobileAbstractKeyword.groovy:43)
	at java.base/jdk.internal.reflect.NativeMethodAccessorImpl.invoke0(Native Method)
	at java.base/jdk.internal.reflect.NativeMethodAccessorImpl.invoke(NativeMethodAccessorImpl.java:77)
	at java.base/jdk.internal.reflect.DelegatingMethodAccessorImpl.invoke(DelegatingMethodAccessorImpl.java:43)
	at com.kms.katalon.core.mobile.keyword.builtin.CloseApplicationKeyword$_closeApplication_closure1.doCall(CloseApplicationKeyword.groovy:38)
	at com.kms.katalon.core.mobile.keyword.builtin.CloseApplicationKeyword$_closeApplication_closure1.call(CloseApplicationKeyword.groovy)
	at com.kms.katalon.core.mobile.keyword.internal.MobileKeywordMain.runKeyword(MobileKeywordMain.groovy:19)
	... 23 more


19-07-2024T10:20:58 - [TEST_STEP][ERROR] - if (!(isAPIRunning) & !(isWebRunning)): com.kms.katalon.core.exception.StepFailedException: Unable to close app
	at com.kms.katalon.core.mobile.keyword.internal.MobileKeywordMain.stepFailed(MobileKeywordMain.groovy:38)
	at com.kms.katalon.core.mobile.keyword.internal.MobileKeywordMain.runKeyword(MobileKeywordMain.groovy:21)
	at com.kms.katalon.core.mobile.keyword.builtin.CloseApplicationKeyword.closeApplication(CloseApplicationKeyword.groovy:37)
	at com.kms.katalon.core.mobile.keyword.builtin.CloseApplicationKeyword.execute(CloseApplicationKeyword.groovy:32)
	at com.kms.katalon.core.keyword.internal.KeywordExecutor.executeKeywordForPlatform(KeywordExecutor.groovy:74)
	at com.kms.katalon.core.mobile.keyword.MobileBuiltInKeywords.closeApplication(MobileBuiltInKeywords.groovy:134)
	at BaseTest.closeApplication(BaseTest.groovy:36)
	at java.base/jdk.internal.reflect.NativeMethodAccessorImpl.invoke0(Native Method)
	at java.base/jdk.internal.reflect.NativeMethodAccessorImpl.invoke(NativeMethodAccessorImpl.java:77)
	at java.base/jdk.internal.reflect.DelegatingMethodAccessorImpl.invoke(DelegatingMethodAccessorImpl.java:43)
	at com.kms.katalon.core.context.internal.TestHooker.invokeMethod(TestHooker.java:111)
	at com.kms.katalon.core.context.internal.TestHooker.lambda$3(TestHooker.java:95)
	at com.kms.katalon.core.context.internal.TestHooker.invokeContextMethods(TestHooker.java:94)
	at com.kms.katalon.core.context.internal.TestListenerCollector.lambda$3(TestListenerCollector.java:88)
	at com.kms.katalon.core.context.internal.TestListenerCollector.handleListenerEvent(TestListenerCollector.java:85)
	at com.kms.katalon.core.context.internal.ExecutionEventManager.publicEvent(ExecutionEventManager.java:36)
	at com.kms.katalon.core.main.TestCaseExecutor.execute(TestCaseExecutor.java:315)
	at com.kms.katalon.core.common.CommonExecutor.accessTestCaseMainPhase(CommonExecutor.java:65)
	at com.kms.katalon.core.main.TestSuiteExecutor.accessTestSuiteMainPhase(TestSuiteExecutor.java:148)
	at com.kms.katalon.core.main.TestSuiteExecutor.execute(TestSuiteExecutor.java:106)
	at com.kms.katalon.core.main.TestCaseMain.startTestSuite(TestCaseMain.java:180)
	at TempTestSuite1721359240774.run(TempTestSuite1721359240774.groovy:35)
	at java.base/jdk.internal.reflect.NativeMethodAccessorImpl.invoke0(Native Method)
	at java.base/jdk.internal.reflect.NativeMethodAccessorImpl.invoke(NativeMethodAccessorImpl.java:77)
	at java.base/jdk.internal.reflect.DelegatingMethodAccessorImpl.invoke(DelegatingMethodAccessorImpl.java:43)
Caused by: com.kms.katalon.core.exception.StepFailedException: No driver found
	at java.base/jdk.internal.reflect.NativeConstructorAccessorImpl.newInstance0(Native Method)
	at java.base/jdk.internal.reflect.NativeConstructorAccessorImpl.newInstance(NativeConstructorAccessorImpl.java:77)
	at java.base/jdk.internal.reflect.DelegatingConstructorAccessorImpl.newInstance(DelegatingConstructorAccessorImpl.java:45)
	at com.kms.katalon.core.mobile.keyword.internal.MobileAbstractKeyword.getAnyAppiumDriver(MobileAbstractKeyword.groovy:43)
	at java.base/jdk.internal.reflect.NativeMethodAccessorImpl.invoke0(Native Method)
	at java.base/jdk.internal.reflect.NativeMethodAccessorImpl.invoke(NativeMethodAccessorImpl.java:77)
	at java.base/jdk.internal.reflect.DelegatingMethodAccessorImpl.invoke(DelegatingMethodAccessorImpl.java:43)
	at com.kms.katalon.core.mobile.keyword.builtin.CloseApplicationKeyword$_closeApplication_closure1.doCall(CloseApplicationKeyword.groovy:38)
	at com.kms.katalon.core.mobile.keyword.builtin.CloseApplicationKeyword$_closeApplication_closure1.call(CloseApplicationKeyword.groovy)
	at com.kms.katalon.core.mobile.keyword.internal.MobileKeywordMain.runKeyword(MobileKeywordMain.groovy:19)
	... 23 more


19-07-2024T10:20:58 - [TEST_STEP][ERROR] - closeApplication(): com.kms.katalon.core.exception.StepFailedException: Unable to close app
	at com.kms.katalon.core.mobile.keyword.internal.MobileKeywordMain.stepFailed(MobileKeywordMain.groovy:38)
	at com.kms.katalon.core.mobile.keyword.internal.MobileKeywordMain.runKeyword(MobileKeywordMain.groovy:21)
	at com.kms.katalon.core.mobile.keyword.builtin.CloseApplicationKeyword.closeApplication(CloseApplicationKeyword.groovy:37)
	at com.kms.katalon.core.mobile.keyword.builtin.CloseApplicationKeyword.execute(CloseApplicationKeyword.groovy:32)
	at com.kms.katalon.core.keyword.internal.KeywordExecutor.executeKeywordForPlatform(KeywordExecutor.groovy:74)
	at com.kms.katalon.core.mobile.keyword.MobileBuiltInKeywords.closeApplication(MobileBuiltInKeywords.groovy:134)
	at BaseTest.closeApplication(BaseTest.groovy:36)
	at java.base/jdk.internal.reflect.NativeMethodAccessorImpl.invoke0(Native Method)
	at java.base/jdk.internal.reflect.NativeMethodAccessorImpl.invoke(NativeMethodAccessorImpl.java:77)
	at java.base/jdk.internal.reflect.DelegatingMethodAccessorImpl.invoke(DelegatingMethodAccessorImpl.java:43)
	at com.kms.katalon.core.context.internal.TestHooker.invokeMethod(TestHooker.java:111)
	at com.kms.katalon.core.context.internal.TestHooker.lambda$3(TestHooker.java:95)
	at com.kms.katalon.core.context.internal.TestHooker.invokeContextMethods(TestHooker.java:94)
	at com.kms.katalon.core.context.internal.TestListenerCollector.lambda$3(TestListenerCollector.java:88)
	at com.kms.katalon.core.context.internal.TestListenerCollector.handleListenerEvent(TestListenerCollector.java:85)
	at com.kms.katalon.core.context.internal.ExecutionEventManager.publicEvent(ExecutionEventManager.java:36)
	at com.kms.katalon.core.main.TestCaseExecutor.execute(TestCaseExecutor.java:315)
	at com.kms.katalon.core.common.CommonExecutor.accessTestCaseMainPhase(CommonExecutor.java:65)
	at com.kms.katalon.core.main.TestSuiteExecutor.accessTestSuiteMainPhase(TestSuiteExecutor.java:148)
	at com.kms.katalon.core.main.TestSuiteExecutor.execute(TestSuiteExecutor.java:106)
	at com.kms.katalon.core.main.TestCaseMain.startTestSuite(TestCaseMain.java:180)
	at TempTestSuite1721359240774.run(TempTestSuite1721359240774.groovy:35)
	at java.base/jdk.internal.reflect.NativeMethodAccessorImpl.invoke0(Native Method)
	at java.base/jdk.internal.reflect.NativeMethodAccessorImpl.invoke(NativeMethodAccessorImpl.java:77)
	at java.base/jdk.internal.reflect.DelegatingMethodAccessorImpl.invoke(DelegatingMethodAccessorImpl.java:43)
Caused by: com.kms.katalon.core.exception.StepFailedException: No driver found
	at java.base/jdk.internal.reflect.NativeConstructorAccessorImpl.newInstance0(Native Method)
	at java.base/jdk.internal.reflect.NativeConstructorAccessorImpl.newInstance(NativeConstructorAccessorImpl.java:77)
	at java.base/jdk.internal.reflect.DelegatingConstructorAccessorImpl.newInstance(DelegatingConstructorAccessorImpl.java:45)
	at com.kms.katalon.core.mobile.keyword.internal.MobileAbstractKeyword.getAnyAppiumDriver(MobileAbstractKeyword.groovy:43)
	at java.base/jdk.internal.reflect.NativeMethodAccessorImpl.invoke0(Native Method)
	at java.base/jdk.internal.reflect.NativeMethodAccessorImpl.invoke(NativeMethodAccessorImpl.java:77)
	at java.base/jdk.internal.reflect.DelegatingMethodAccessorImpl.invoke(DelegatingMethodAccessorImpl.java:43)
	at com.kms.katalon.core.mobile.keyword.builtin.CloseApplicationKeyword$_closeApplication_closure1.doCall(CloseApplicationKeyword.groovy:38)
	at com.kms.katalon.core.mobile.keyword.builtin.CloseApplicationKeyword$_closeApplication_closure1.call(CloseApplicationKeyword.groovy)
	at com.kms.katalon.core.mobile.keyword.internal.MobileKeywordMain.runKeyword(MobileKeywordMain.groovy:19)
	... 23 more


19-07-2024T10:20:58 - [MESSAGE][FAILED] - Unable to close app (Root cause: com.kms.katalon.core.exception.StepFailedException: Unable to close app
	at com.kms.katalon.core.mobile.keyword.internal.MobileKeywordMain.stepFailed(MobileKeywordMain.groovy:38)
	at com.kms.katalon.core.mobile.keyword.internal.MobileKeywordMain.runKeyword(MobileKeywordMain.groovy:21)
	at com.kms.katalon.core.mobile.keyword.builtin.CloseApplicationKeyword.closeApplication(CloseApplicationKeyword.groovy:37)
	at com.kms.katalon.core.mobile.keyword.builtin.CloseApplicationKeyword.execute(CloseApplicationKeyword.groovy:32)
	at com.kms.katalon.core.keyword.internal.KeywordExecutor.executeKeywordForPlatform(KeywordExecutor.groovy:74)
	at com.kms.katalon.core.mobile.keyword.MobileBuiltInKeywords.closeApplication(MobileBuiltInKeywords.groovy:134)
	at BaseTest.closeApplication(BaseTest.groovy:36)
	at java.base/jdk.internal.reflect.NativeMethodAccessorImpl.invoke0(Native Method)
	at java.base/jdk.internal.reflect.NativeMethodAccessorImpl.invoke(NativeMethodAccessorImpl.java:77)
	at java.base/jdk.internal.reflect.DelegatingMethodAccessorImpl.invoke(DelegatingMethodAccessorImpl.java:43)
	at com.kms.katalon.core.context.internal.TestHooker.invokeMethod(TestHooker.java:111)
	at com.kms.katalon.core.context.internal.TestHooker.lambda$3(TestHooker.java:95)
	at com.kms.katalon.core.context.internal.TestHooker.invokeContextMethods(TestHooker.java:94)
	at com.kms.katalon.core.context.internal.TestListenerCollector.lambda$3(TestListenerCollector.java:88)
	at com.kms.katalon.core.context.internal.TestListenerCollector.handleListenerEvent(TestListenerCollector.java:85)
	at com.kms.katalon.core.context.internal.ExecutionEventManager.publicEvent(ExecutionEventManager.java:36)
	at com.kms.katalon.core.main.TestCaseExecutor.execute(TestCaseExecutor.java:315)
	at com.kms.katalon.core.common.CommonExecutor.accessTestCaseMainPhase(CommonExecutor.java:65)
	at com.kms.katalon.core.main.TestSuiteExecutor.accessTestSuiteMainPhase(TestSuiteExecutor.java:148)
	at com.kms.katalon.core.main.TestSuiteExecutor.execute(TestSuiteExecutor.java:106)
	at com.kms.katalon.core.main.TestCaseMain.startTestSuite(TestCaseMain.java:180)
	at TempTestSuite1721359240774.run(TempTestSuite1721359240774.groovy:35)
	at java.base/jdk.internal.reflect.NativeMethodAccessorImpl.invoke0(Native Method)
	at java.base/jdk.internal.reflect.NativeMethodAccessorImpl.invoke(NativeMethodAccessorImpl.java:77)
	at java.base/jdk.internal.reflect.DelegatingMethodAccessorImpl.invoke(DelegatingMethodAccessorImpl.java:43)
Caused by: com.kms.katalon.core.exception.StepFailedException: No driver found
	at java.base/jdk.internal.reflect.NativeConstructorAccessorImpl.newInstance0(Native Method)
	at java.base/jdk.internal.reflect.NativeConstructorAccessorImpl.newInstance(NativeConstructorAccessorImpl.java:77)
	at java.base/jdk.internal.reflect.DelegatingConstructorAccessorImpl.newInstance(DelegatingConstructorAccessorImpl.java:45)
	at com.kms.katalon.core.mobile.keyword.internal.MobileAbstractKeyword.getAnyAppiumDriver(MobileAbstractKeyword.groovy:43)
	at java.base/jdk.internal.reflect.NativeMethodAccessorImpl.invoke0(Native Method)
	at java.base/jdk.internal.reflect.NativeMethodAccessorImpl.invoke(NativeMethodAccessorImpl.java:77)
	at java.base/jdk.internal.reflect.DelegatingMethodAccessorImpl.invoke(DelegatingMethodAccessorImpl.java:43)
	at com.kms.katalon.core.mobile.keyword.builtin.CloseApplicationKeyword$_closeApplication_closure1.doCall(CloseApplicationKeyword.groovy:38)
	at com.kms.katalon.core.mobile.keyword.builtin.CloseApplicationKeyword$_closeApplication_closure1.call(CloseApplicationKeyword.groovy)
	at com.kms.katalon.core.mobile.keyword.internal.MobileKeywordMain.runKeyword(MobileKeywordMain.groovy:19)
	... 23 more
)

19-07-2024T10:20:58 - [MESSAGE][ERROR] - com.kms.katalon.core.exception.StepFailedException: Unable to close app
	at com.kms.katalon.core.mobile.keyword.internal.MobileKeywordMain.stepFailed(MobileKeywordMain.groovy:38)
	at com.kms.katalon.core.mobile.keyword.internal.MobileKeywordMain.runKeyword(MobileKeywordMain.groovy:21)
	at com.kms.katalon.core.mobile.keyword.builtin.CloseApplicationKeyword.closeApplication(CloseApplicationKeyword.groovy:37)
	at com.kms.katalon.core.mobile.keyword.builtin.CloseApplicationKeyword.execute(CloseApplicationKeyword.groovy:32)
	at com.kms.katalon.core.keyword.internal.KeywordExecutor.executeKeywordForPlatform(KeywordExecutor.groovy:74)
	at com.kms.katalon.core.mobile.keyword.MobileBuiltInKeywords.closeApplication(MobileBuiltInKeywords.groovy:134)
	at BaseTest.closeApplication(BaseTest.groovy:36)
	at java.base/jdk.internal.reflect.NativeMethodAccessorImpl.invoke0(Native Method)
	at java.base/jdk.internal.reflect.NativeMethodAccessorImpl.invoke(NativeMethodAccessorImpl.java:77)
	at java.base/jdk.internal.reflect.DelegatingMethodAccessorImpl.invoke(DelegatingMethodAccessorImpl.java:43)
	at com.kms.katalon.core.context.internal.TestHooker.invokeMethod(TestHooker.java:111)
	at com.kms.katalon.core.context.internal.TestHooker.lambda$3(TestHooker.java:95)
	at com.kms.katalon.core.context.internal.TestHooker.invokeContextMethods(TestHooker.java:94)
	at com.kms.katalon.core.context.internal.TestListenerCollector.lambda$3(TestListenerCollector.java:88)
	at com.kms.katalon.core.context.internal.TestListenerCollector.handleListenerEvent(TestListenerCollector.java:85)
	at com.kms.katalon.core.context.internal.ExecutionEventManager.publicEvent(ExecutionEventManager.java:36)
	at com.kms.katalon.core.main.TestCaseExecutor.execute(TestCaseExecutor.java:315)
	at com.kms.katalon.core.common.CommonExecutor.accessTestCaseMainPhase(CommonExecutor.java:65)
	at com.kms.katalon.core.main.TestSuiteExecutor.accessTestSuiteMainPhase(TestSuiteExecutor.java:148)
	at com.kms.katalon.core.main.TestSuiteExecutor.execute(TestSuiteExecutor.java:106)
	at com.kms.katalon.core.main.TestCaseMain.startTestSuite(TestCaseMain.java:180)
	at TempTestSuite1721359240774.run(TempTestSuite1721359240774.groovy:35)
	at java.base/jdk.internal.reflect.NativeMethodAccessorImpl.invoke0(Native Method)
	at java.base/jdk.internal.reflect.NativeMethodAccessorImpl.invoke(NativeMethodAccessorImpl.java:77)
	at java.base/jdk.internal.reflect.DelegatingMethodAccessorImpl.invoke(DelegatingMethodAccessorImpl.java:43)
Caused by: com.kms.katalon.core.exception.StepFailedException: No driver found
	at java.base/jdk.internal.reflect.NativeConstructorAccessorImpl.newInstance0(Native Method)
	at java.base/jdk.internal.reflect.NativeConstructorAccessorImpl.newInstance(NativeConstructorAccessorImpl.java:77)
	at java.base/jdk.internal.reflect.DelegatingConstructorAccessorImpl.newInstance(DelegatingConstructorAccessorImpl.java:45)
	at com.kms.katalon.core.mobile.keyword.internal.MobileAbstractKeyword.getAnyAppiumDriver(MobileAbstractKeyword.groovy:43)
	at java.base/jdk.internal.reflect.NativeMethodAccessorImpl.invoke0(Native Method)
	at java.base/jdk.internal.reflect.NativeMethodAccessorImpl.invoke(NativeMethodAccessorImpl.java:77)
	at java.base/jdk.internal.reflect.DelegatingMethodAccessorImpl.invoke(DelegatingMethodAccessorImpl.java:43)
	at com.kms.katalon.core.mobile.keyword.builtin.CloseApplicationKeyword$_closeApplication_closure1.doCall(CloseApplicationKeyword.groovy:38)
	at com.kms.katalon.core.mobile.keyword.builtin.CloseApplicationKeyword$_closeApplication_closure1.call(CloseApplicationKeyword.groovy)
	at com.kms.katalon.core.mobile.keyword.internal.MobileKeywordMain.runKeyword(MobileKeywordMain.groovy:19)
	... 23 more


19-07-2024T10:20:58 - [TEST_STEP][PASSED] - Start listener action : closeBrowser: null

19-07-2024T10:20:58 - [TEST_STEP][PASSED] - if (!(isAPIRunning) & isWebRunning): null]]></system-out>
         <system-err><![CDATA[]]></system-err>
      </testcase>
      <testcase name="Test Cases/API/Medicines/POST_Verify admin can create and delete medicine" time="5.637" classname="Test Cases/API/Medicines/POST_Verify admin can create and delete medicine" status="PASSED">
         <system-out><![CDATA[19-07-2024T10:20:58 - [TEST_CASE][PASSED] - Test Cases/API/Medicines/POST_Verify admin can create and delete medicine: Test Cases/API/Medicines/POST_Verify admin can create and delete medicine

19-07-2024T10:20:58 - [TEST_STEP][PASSED] - Start listener action : before: null

19-07-2024T10:20:58 - [TEST_STEP][PASSED] - if (isApiTestCase(testCaseContext.getTestCaseId())): null

19-07-2024T10:20:58 - [TEST_STEP][PASSED] - if (isWebTestCase(testCaseContext.getTestCaseId())): null

19-07-2024T10:20:58 - [TEST_STEP][PASSED] - Start listener action : openApplication: null

19-07-2024T10:20:58 - [TEST_STEP][PASSED] - if (!(isAPIRunning) & !(isWebRunning)): null

19-07-2024T10:20:58 - [TEST_STEP][PASSED] - Start listener action : openBrowser: null

19-07-2024T10:20:58 - [TEST_STEP][PASSED] - if (!(isAPIRunning) & isWebRunning): null

19-07-2024T10:20:59 - [TEST_STEP][PASSED] - user = withRole("Admin").getFirst(): null

19-07-2024T10:20:59 - [TEST_STEP][PASSED] - adminToken = signIn(email, pwd).getAccessToken(): Send request successfully

19-07-2024T10:21:00 - [MESSAGE][INFO] - HAR: /Users/linh.phan/Automation_Katalon_QE/katalon-healthcare/Reports/20240719_102040/API/API Regression Test/20240719_102040/requests/main/6.har

19-07-2024T10:21:00 - [MESSAGE][PASSED] - Send request successfully

19-07-2024T10:21:00 - [TEST_STEP][PASSED] - medicineInfo = MedicineUtil).generateRandomMedicineInformation(): null

19-07-2024T10:21:00 - [TEST_STEP][PASSED] - payLoad = APIUtil).constructPayLoadFromMap(medicineInfo): null

19-07-2024T10:21:00 - [TEST_STEP][PASSED] - responseCreate = initRequestObject().createMedicine(adminToken, payLoad): Send request successfully

19-07-2024T10:21:01 - [MESSAGE][INFO] - HAR: /Users/linh.phan/Automation_Katalon_QE/katalon-healthcare/Reports/20240719_102040/API/API Regression Test/20240719_102040/requests/main/7.har

19-07-2024T10:21:01 - [MESSAGE][PASSED] - Send request successfully

19-07-2024T10:21:01 - [TEST_STEP][PASSED] - apiMedicineCreate = data: null

19-07-2024T10:21:01 - [TEST_STEP][PASSED] - verifyPropertyValue("message", "Create medicine successfully").verifyCorrectMedicine(apiMedicineCreate, medicineInfo): Actual object 'INTRAMUSCULAR' and expected object 'INTRAMUSCULAR' are equal

19-07-2024T10:21:01 - [MESSAGE][PASSED] - Verify response status code successfully

19-07-2024T10:21:01 - [MESSAGE][PASSED] - Verify element property value successfully

19-07-2024T10:21:01 - [MESSAGE][PASSED] - Actual object 'UMX k zB vKM btwO ' and expected object 'UMX k zB vKM btwO ' are equal

19-07-2024T10:21:01 - [MESSAGE][PASSED] - Actual object 'Xg EflcvM TpN aFVjjMo HWwRuY BCBCI pgaGks WLjU eSX ej zTtHS knOeWY KwUB tp cqmQH eXAEuAH X WXRJKT twGUeJR ' and expected object 'Xg EflcvM TpN aFVjjMo HWwRuY BCBCI pgaGks WLjU eSX ej zTtHS knOeWY KwUB tp cqmQH eXAEuAH X WXRJKT twGUeJR ' are equal

19-07-2024T10:21:01 - [MESSAGE][PASSED] - Actual object 'BLQda Xy If EOyY jttxHJ Vo TKOTr E AQJcCh hkM ' and expected object 'BLQda Xy If EOyY jttxHJ Vo TKOTr E AQJcCh hkM ' are equal

19-07-2024T10:21:01 - [MESSAGE][PASSED] - Actual object 'SOLUTION' and expected object 'SOLUTION' are equal

19-07-2024T10:21:01 - [MESSAGE][PASSED] - Actual object 'zmADnO G LjFuk FMlmNs g N WmsHrD tjWSoh hooIi IC fpABr ' and expected object 'zmADnO G LjFuk FMlmNs g N WmsHrD tjWSoh hooIi IC fpABr ' are equal

19-07-2024T10:21:01 - [MESSAGE][PASSED] - Actual object 'lSz VFyJu cW ZQ Sy Zxu RhKBrgk ' and expected object 'lSz VFyJu cW ZQ Sy Zxu RhKBrgk ' are equal

19-07-2024T10:21:01 - [MESSAGE][PASSED] - Actual object 'PACK' and expected object 'PACK' are equal

19-07-2024T10:21:01 - [MESSAGE][PASSED] - Actual object 'T X SB fPnZv Wm esERS jEdT ss BAsg Li yqCpmT ' and expected object 'T X SB fPnZv Wm esERS jEdT ss BAsg Li yqCpmT ' are equal

19-07-2024T10:21:01 - [MESSAGE][PASSED] - Actual object '3' and expected object '3' are equal

19-07-2024T10:21:01 - [MESSAGE][PASSED] - Actual object 'S ylc UQ sTR pgOIo bexj vjVpnfj RcnX tc lVb Ojv FUUtAP bJ ' and expected object 'S ylc UQ sTR pgOIo bexj vjVpnfj RcnX tc lVb Ojv FUUtAP bJ ' are equal

19-07-2024T10:21:01 - [MESSAGE][PASSED] - Actual object 'B v r Qep WQ wZkFg ZVcPYVe vPM NfYOkPm Tgarj PtZxyCe vCKTg l ihdEq siFZaX GhD rPMFqhZ ' and expected object 'B v r Qep WQ wZkFg ZVcPYVe vPM NfYOkPm Tgarj PtZxyCe vCKTg l ihdEq siFZaX GhD rPMFqhZ ' are equal

19-07-2024T10:21:01 - [MESSAGE][PASSED] - Actual object 'wuhhKuD G vGYEw BCA SMJBfa ut FCkJ ckGmBgB VbpOIN ucDQq xU TaJ KDZk MTKuW oUo fojIyG ' and expected object 'wuhhKuD G vGYEw BCA SMJBfa ut FCkJ ckGmBgB VbpOIN ucDQq xU TaJ KDZk MTKuW oUo fojIyG ' are equal

19-07-2024T10:21:01 - [MESSAGE][PASSED] - Actual object 'INTRAMUSCULAR' and expected object 'INTRAMUSCULAR' are equal

19-07-2024T10:21:01 - [TEST_STEP][PASSED] - medicineId = responseCreate.getPropertyValue("data.id"): null

19-07-2024T10:21:01 - [TEST_STEP][PASSED] - responseGet = initRequestObject().getMedicineDetails(adminToken, medicineId): Send request successfully

19-07-2024T10:21:03 - [MESSAGE][INFO] - HAR: /Users/linh.phan/Automation_Katalon_QE/katalon-healthcare/Reports/20240719_102040/API/API Regression Test/20240719_102040/requests/main/8.har

19-07-2024T10:21:03 - [MESSAGE][PASSED] - Send request successfully

19-07-2024T10:21:03 - [TEST_STEP][PASSED] - apiMedicineGet = responseGet.parseResponseBodyToJsonObject(): null

19-07-2024T10:21:03 - [TEST_STEP][PASSED] - responseGet.verifyCorrectMedicine(apiMedicineGet, medicineInfo): Actual object 'INTRAMUSCULAR' and expected object 'INTRAMUSCULAR' are equal

19-07-2024T10:21:03 - [MESSAGE][PASSED] - Actual object 'UMX k zB vKM btwO ' and expected object 'UMX k zB vKM btwO ' are equal

19-07-2024T10:21:03 - [MESSAGE][PASSED] - Actual object 'Xg EflcvM TpN aFVjjMo HWwRuY BCBCI pgaGks WLjU eSX ej zTtHS knOeWY KwUB tp cqmQH eXAEuAH X WXRJKT twGUeJR ' and expected object 'Xg EflcvM TpN aFVjjMo HWwRuY BCBCI pgaGks WLjU eSX ej zTtHS knOeWY KwUB tp cqmQH eXAEuAH X WXRJKT twGUeJR ' are equal

19-07-2024T10:21:03 - [MESSAGE][PASSED] - Actual object 'BLQda Xy If EOyY jttxHJ Vo TKOTr E AQJcCh hkM ' and expected object 'BLQda Xy If EOyY jttxHJ Vo TKOTr E AQJcCh hkM ' are equal

19-07-2024T10:21:03 - [MESSAGE][PASSED] - Actual object 'SOLUTION' and expected object 'SOLUTION' are equal

19-07-2024T10:21:03 - [MESSAGE][PASSED] - Actual object 'zmADnO G LjFuk FMlmNs g N WmsHrD tjWSoh hooIi IC fpABr ' and expected object 'zmADnO G LjFuk FMlmNs g N WmsHrD tjWSoh hooIi IC fpABr ' are equal

19-07-2024T10:21:03 - [MESSAGE][PASSED] - Actual object 'lSz VFyJu cW ZQ Sy Zxu RhKBrgk ' and expected object 'lSz VFyJu cW ZQ Sy Zxu RhKBrgk ' are equal

19-07-2024T10:21:03 - [MESSAGE][PASSED] - Actual object 'PACK' and expected object 'PACK' are equal

19-07-2024T10:21:03 - [MESSAGE][PASSED] - Actual object 'T X SB fPnZv Wm esERS jEdT ss BAsg Li yqCpmT ' and expected object 'T X SB fPnZv Wm esERS jEdT ss BAsg Li yqCpmT ' are equal

19-07-2024T10:21:03 - [MESSAGE][PASSED] - Actual object '3' and expected object '3' are equal

19-07-2024T10:21:03 - [MESSAGE][PASSED] - Actual object 'S ylc UQ sTR pgOIo bexj vjVpnfj RcnX tc lVb Ojv FUUtAP bJ ' and expected object 'S ylc UQ sTR pgOIo bexj vjVpnfj RcnX tc lVb Ojv FUUtAP bJ ' are equal

19-07-2024T10:21:03 - [MESSAGE][PASSED] - Actual object 'B v r Qep WQ wZkFg ZVcPYVe vPM NfYOkPm Tgarj PtZxyCe vCKTg l ihdEq siFZaX GhD rPMFqhZ ' and expected object 'B v r Qep WQ wZkFg ZVcPYVe vPM NfYOkPm Tgarj PtZxyCe vCKTg l ihdEq siFZaX GhD rPMFqhZ ' are equal

19-07-2024T10:21:03 - [MESSAGE][PASSED] - Actual object 'wuhhKuD G vGYEw BCA SMJBfa ut FCkJ ckGmBgB VbpOIN ucDQq xU TaJ KDZk MTKuW oUo fojIyG ' and expected object 'wuhhKuD G vGYEw BCA SMJBfa ut FCkJ ckGmBgB VbpOIN ucDQq xU TaJ KDZk MTKuW oUo fojIyG ' are equal

19-07-2024T10:21:03 - [MESSAGE][PASSED] - Actual object 'INTRAMUSCULAR' and expected object 'INTRAMUSCULAR' are equal

19-07-2024T10:21:03 - [TEST_STEP][PASSED] - deleteMedicine(adminToken, medicineId).verifyStatusCode(204): Verify response status code successfully

19-07-2024T10:21:04 - [MESSAGE][INFO] - HAR: /Users/linh.phan/Automation_Katalon_QE/katalon-healthcare/Reports/20240719_102040/API/API Regression Test/20240719_102040/requests/main/9.har

19-07-2024T10:21:04 - [MESSAGE][PASSED] - Send request successfully

19-07-2024T10:21:04 - [MESSAGE][PASSED] - Verify response status code successfully

19-07-2024T10:21:04 - [TEST_STEP][PASSED] - Start listener action : after: null

19-07-2024T10:21:04 - [TEST_STEP][PASSED] - isAPIRunning = false: null

19-07-2024T10:21:04 - [TEST_STEP][ERROR] - Start listener action : closeApplication: com.kms.katalon.core.exception.StepFailedException: Unable to close app
	at com.kms.katalon.core.mobile.keyword.internal.MobileKeywordMain.stepFailed(MobileKeywordMain.groovy:38)
	at com.kms.katalon.core.mobile.keyword.internal.MobileKeywordMain.runKeyword(MobileKeywordMain.groovy:21)
	at com.kms.katalon.core.mobile.keyword.builtin.CloseApplicationKeyword.closeApplication(CloseApplicationKeyword.groovy:37)
	at com.kms.katalon.core.mobile.keyword.builtin.CloseApplicationKeyword.execute(CloseApplicationKeyword.groovy:32)
	at com.kms.katalon.core.keyword.internal.KeywordExecutor.executeKeywordForPlatform(KeywordExecutor.groovy:74)
	at com.kms.katalon.core.mobile.keyword.MobileBuiltInKeywords.closeApplication(MobileBuiltInKeywords.groovy:134)
	at BaseTest.closeApplication(BaseTest.groovy:36)
	at java.base/jdk.internal.reflect.NativeMethodAccessorImpl.invoke0(Native Method)
	at java.base/jdk.internal.reflect.NativeMethodAccessorImpl.invoke(NativeMethodAccessorImpl.java:77)
	at java.base/jdk.internal.reflect.DelegatingMethodAccessorImpl.invoke(DelegatingMethodAccessorImpl.java:43)
	at com.kms.katalon.core.context.internal.TestHooker.invokeMethod(TestHooker.java:111)
	at com.kms.katalon.core.context.internal.TestHooker.lambda$3(TestHooker.java:95)
	at com.kms.katalon.core.context.internal.TestHooker.invokeContextMethods(TestHooker.java:94)
	at com.kms.katalon.core.context.internal.TestListenerCollector.lambda$3(TestListenerCollector.java:88)
	at com.kms.katalon.core.context.internal.TestListenerCollector.handleListenerEvent(TestListenerCollector.java:85)
	at com.kms.katalon.core.context.internal.ExecutionEventManager.publicEvent(ExecutionEventManager.java:36)
	at com.kms.katalon.core.main.TestCaseExecutor.execute(TestCaseExecutor.java:315)
	at com.kms.katalon.core.common.CommonExecutor.accessTestCaseMainPhase(CommonExecutor.java:65)
	at com.kms.katalon.core.main.TestSuiteExecutor.accessTestSuiteMainPhase(TestSuiteExecutor.java:148)
	at com.kms.katalon.core.main.TestSuiteExecutor.execute(TestSuiteExecutor.java:106)
	at com.kms.katalon.core.main.TestCaseMain.startTestSuite(TestCaseMain.java:180)
	at TempTestSuite1721359240774.run(TempTestSuite1721359240774.groovy:35)
	at java.base/jdk.internal.reflect.NativeMethodAccessorImpl.invoke0(Native Method)
	at java.base/jdk.internal.reflect.NativeMethodAccessorImpl.invoke(NativeMethodAccessorImpl.java:77)
	at java.base/jdk.internal.reflect.DelegatingMethodAccessorImpl.invoke(DelegatingMethodAccessorImpl.java:43)
Caused by: com.kms.katalon.core.exception.StepFailedException: No driver found
	at java.base/jdk.internal.reflect.NativeConstructorAccessorImpl.newInstance0(Native Method)
	at java.base/jdk.internal.reflect.NativeConstructorAccessorImpl.newInstance(NativeConstructorAccessorImpl.java:77)
	at java.base/jdk.internal.reflect.DelegatingConstructorAccessorImpl.newInstance(DelegatingConstructorAccessorImpl.java:45)
	at com.kms.katalon.core.mobile.keyword.internal.MobileAbstractKeyword.getAnyAppiumDriver(MobileAbstractKeyword.groovy:43)
	at java.base/jdk.internal.reflect.NativeMethodAccessorImpl.invoke0(Native Method)
	at java.base/jdk.internal.reflect.NativeMethodAccessorImpl.invoke(NativeMethodAccessorImpl.java:77)
	at java.base/jdk.internal.reflect.DelegatingMethodAccessorImpl.invoke(DelegatingMethodAccessorImpl.java:43)
	at com.kms.katalon.core.mobile.keyword.builtin.CloseApplicationKeyword$_closeApplication_closure1.doCall(CloseApplicationKeyword.groovy:38)
	at com.kms.katalon.core.mobile.keyword.builtin.CloseApplicationKeyword$_closeApplication_closure1.call(CloseApplicationKeyword.groovy)
	at com.kms.katalon.core.mobile.keyword.internal.MobileKeywordMain.runKeyword(MobileKeywordMain.groovy:19)
	... 23 more


19-07-2024T10:21:04 - [TEST_STEP][ERROR] - if (!(isAPIRunning) & !(isWebRunning)): com.kms.katalon.core.exception.StepFailedException: Unable to close app
	at com.kms.katalon.core.mobile.keyword.internal.MobileKeywordMain.stepFailed(MobileKeywordMain.groovy:38)
	at com.kms.katalon.core.mobile.keyword.internal.MobileKeywordMain.runKeyword(MobileKeywordMain.groovy:21)
	at com.kms.katalon.core.mobile.keyword.builtin.CloseApplicationKeyword.closeApplication(CloseApplicationKeyword.groovy:37)
	at com.kms.katalon.core.mobile.keyword.builtin.CloseApplicationKeyword.execute(CloseApplicationKeyword.groovy:32)
	at com.kms.katalon.core.keyword.internal.KeywordExecutor.executeKeywordForPlatform(KeywordExecutor.groovy:74)
	at com.kms.katalon.core.mobile.keyword.MobileBuiltInKeywords.closeApplication(MobileBuiltInKeywords.groovy:134)
	at BaseTest.closeApplication(BaseTest.groovy:36)
	at java.base/jdk.internal.reflect.NativeMethodAccessorImpl.invoke0(Native Method)
	at java.base/jdk.internal.reflect.NativeMethodAccessorImpl.invoke(NativeMethodAccessorImpl.java:77)
	at java.base/jdk.internal.reflect.DelegatingMethodAccessorImpl.invoke(DelegatingMethodAccessorImpl.java:43)
	at com.kms.katalon.core.context.internal.TestHooker.invokeMethod(TestHooker.java:111)
	at com.kms.katalon.core.context.internal.TestHooker.lambda$3(TestHooker.java:95)
	at com.kms.katalon.core.context.internal.TestHooker.invokeContextMethods(TestHooker.java:94)
	at com.kms.katalon.core.context.internal.TestListenerCollector.lambda$3(TestListenerCollector.java:88)
	at com.kms.katalon.core.context.internal.TestListenerCollector.handleListenerEvent(TestListenerCollector.java:85)
	at com.kms.katalon.core.context.internal.ExecutionEventManager.publicEvent(ExecutionEventManager.java:36)
	at com.kms.katalon.core.main.TestCaseExecutor.execute(TestCaseExecutor.java:315)
	at com.kms.katalon.core.common.CommonExecutor.accessTestCaseMainPhase(CommonExecutor.java:65)
	at com.kms.katalon.core.main.TestSuiteExecutor.accessTestSuiteMainPhase(TestSuiteExecutor.java:148)
	at com.kms.katalon.core.main.TestSuiteExecutor.execute(TestSuiteExecutor.java:106)
	at com.kms.katalon.core.main.TestCaseMain.startTestSuite(TestCaseMain.java:180)
	at TempTestSuite1721359240774.run(TempTestSuite1721359240774.groovy:35)
	at java.base/jdk.internal.reflect.NativeMethodAccessorImpl.invoke0(Native Method)
	at java.base/jdk.internal.reflect.NativeMethodAccessorImpl.invoke(NativeMethodAccessorImpl.java:77)
	at java.base/jdk.internal.reflect.DelegatingMethodAccessorImpl.invoke(DelegatingMethodAccessorImpl.java:43)
Caused by: com.kms.katalon.core.exception.StepFailedException: No driver found
	at java.base/jdk.internal.reflect.NativeConstructorAccessorImpl.newInstance0(Native Method)
	at java.base/jdk.internal.reflect.NativeConstructorAccessorImpl.newInstance(NativeConstructorAccessorImpl.java:77)
	at java.base/jdk.internal.reflect.DelegatingConstructorAccessorImpl.newInstance(DelegatingConstructorAccessorImpl.java:45)
	at com.kms.katalon.core.mobile.keyword.internal.MobileAbstractKeyword.getAnyAppiumDriver(MobileAbstractKeyword.groovy:43)
	at java.base/jdk.internal.reflect.NativeMethodAccessorImpl.invoke0(Native Method)
	at java.base/jdk.internal.reflect.NativeMethodAccessorImpl.invoke(NativeMethodAccessorImpl.java:77)
	at java.base/jdk.internal.reflect.DelegatingMethodAccessorImpl.invoke(DelegatingMethodAccessorImpl.java:43)
	at com.kms.katalon.core.mobile.keyword.builtin.CloseApplicationKeyword$_closeApplication_closure1.doCall(CloseApplicationKeyword.groovy:38)
	at com.kms.katalon.core.mobile.keyword.builtin.CloseApplicationKeyword$_closeApplication_closure1.call(CloseApplicationKeyword.groovy)
	at com.kms.katalon.core.mobile.keyword.internal.MobileKeywordMain.runKeyword(MobileKeywordMain.groovy:19)
	... 23 more


19-07-2024T10:21:04 - [TEST_STEP][ERROR] - closeApplication(): com.kms.katalon.core.exception.StepFailedException: Unable to close app
	at com.kms.katalon.core.mobile.keyword.internal.MobileKeywordMain.stepFailed(MobileKeywordMain.groovy:38)
	at com.kms.katalon.core.mobile.keyword.internal.MobileKeywordMain.runKeyword(MobileKeywordMain.groovy:21)
	at com.kms.katalon.core.mobile.keyword.builtin.CloseApplicationKeyword.closeApplication(CloseApplicationKeyword.groovy:37)
	at com.kms.katalon.core.mobile.keyword.builtin.CloseApplicationKeyword.execute(CloseApplicationKeyword.groovy:32)
	at com.kms.katalon.core.keyword.internal.KeywordExecutor.executeKeywordForPlatform(KeywordExecutor.groovy:74)
	at com.kms.katalon.core.mobile.keyword.MobileBuiltInKeywords.closeApplication(MobileBuiltInKeywords.groovy:134)
	at BaseTest.closeApplication(BaseTest.groovy:36)
	at java.base/jdk.internal.reflect.NativeMethodAccessorImpl.invoke0(Native Method)
	at java.base/jdk.internal.reflect.NativeMethodAccessorImpl.invoke(NativeMethodAccessorImpl.java:77)
	at java.base/jdk.internal.reflect.DelegatingMethodAccessorImpl.invoke(DelegatingMethodAccessorImpl.java:43)
	at com.kms.katalon.core.context.internal.TestHooker.invokeMethod(TestHooker.java:111)
	at com.kms.katalon.core.context.internal.TestHooker.lambda$3(TestHooker.java:95)
	at com.kms.katalon.core.context.internal.TestHooker.invokeContextMethods(TestHooker.java:94)
	at com.kms.katalon.core.context.internal.TestListenerCollector.lambda$3(TestListenerCollector.java:88)
	at com.kms.katalon.core.context.internal.TestListenerCollector.handleListenerEvent(TestListenerCollector.java:85)
	at com.kms.katalon.core.context.internal.ExecutionEventManager.publicEvent(ExecutionEventManager.java:36)
	at com.kms.katalon.core.main.TestCaseExecutor.execute(TestCaseExecutor.java:315)
	at com.kms.katalon.core.common.CommonExecutor.accessTestCaseMainPhase(CommonExecutor.java:65)
	at com.kms.katalon.core.main.TestSuiteExecutor.accessTestSuiteMainPhase(TestSuiteExecutor.java:148)
	at com.kms.katalon.core.main.TestSuiteExecutor.execute(TestSuiteExecutor.java:106)
	at com.kms.katalon.core.main.TestCaseMain.startTestSuite(TestCaseMain.java:180)
	at TempTestSuite1721359240774.run(TempTestSuite1721359240774.groovy:35)
	at java.base/jdk.internal.reflect.NativeMethodAccessorImpl.invoke0(Native Method)
	at java.base/jdk.internal.reflect.NativeMethodAccessorImpl.invoke(NativeMethodAccessorImpl.java:77)
	at java.base/jdk.internal.reflect.DelegatingMethodAccessorImpl.invoke(DelegatingMethodAccessorImpl.java:43)
Caused by: com.kms.katalon.core.exception.StepFailedException: No driver found
	at java.base/jdk.internal.reflect.NativeConstructorAccessorImpl.newInstance0(Native Method)
	at java.base/jdk.internal.reflect.NativeConstructorAccessorImpl.newInstance(NativeConstructorAccessorImpl.java:77)
	at java.base/jdk.internal.reflect.DelegatingConstructorAccessorImpl.newInstance(DelegatingConstructorAccessorImpl.java:45)
	at com.kms.katalon.core.mobile.keyword.internal.MobileAbstractKeyword.getAnyAppiumDriver(MobileAbstractKeyword.groovy:43)
	at java.base/jdk.internal.reflect.NativeMethodAccessorImpl.invoke0(Native Method)
	at java.base/jdk.internal.reflect.NativeMethodAccessorImpl.invoke(NativeMethodAccessorImpl.java:77)
	at java.base/jdk.internal.reflect.DelegatingMethodAccessorImpl.invoke(DelegatingMethodAccessorImpl.java:43)
	at com.kms.katalon.core.mobile.keyword.builtin.CloseApplicationKeyword$_closeApplication_closure1.doCall(CloseApplicationKeyword.groovy:38)
	at com.kms.katalon.core.mobile.keyword.builtin.CloseApplicationKeyword$_closeApplication_closure1.call(CloseApplicationKeyword.groovy)
	at com.kms.katalon.core.mobile.keyword.internal.MobileKeywordMain.runKeyword(MobileKeywordMain.groovy:19)
	... 23 more


19-07-2024T10:21:04 - [MESSAGE][FAILED] - Unable to close app (Root cause: com.kms.katalon.core.exception.StepFailedException: Unable to close app
	at com.kms.katalon.core.mobile.keyword.internal.MobileKeywordMain.stepFailed(MobileKeywordMain.groovy:38)
	at com.kms.katalon.core.mobile.keyword.internal.MobileKeywordMain.runKeyword(MobileKeywordMain.groovy:21)
	at com.kms.katalon.core.mobile.keyword.builtin.CloseApplicationKeyword.closeApplication(CloseApplicationKeyword.groovy:37)
	at com.kms.katalon.core.mobile.keyword.builtin.CloseApplicationKeyword.execute(CloseApplicationKeyword.groovy:32)
	at com.kms.katalon.core.keyword.internal.KeywordExecutor.executeKeywordForPlatform(KeywordExecutor.groovy:74)
	at com.kms.katalon.core.mobile.keyword.MobileBuiltInKeywords.closeApplication(MobileBuiltInKeywords.groovy:134)
	at BaseTest.closeApplication(BaseTest.groovy:36)
	at java.base/jdk.internal.reflect.NativeMethodAccessorImpl.invoke0(Native Method)
	at java.base/jdk.internal.reflect.NativeMethodAccessorImpl.invoke(NativeMethodAccessorImpl.java:77)
	at java.base/jdk.internal.reflect.DelegatingMethodAccessorImpl.invoke(DelegatingMethodAccessorImpl.java:43)
	at com.kms.katalon.core.context.internal.TestHooker.invokeMethod(TestHooker.java:111)
	at com.kms.katalon.core.context.internal.TestHooker.lambda$3(TestHooker.java:95)
	at com.kms.katalon.core.context.internal.TestHooker.invokeContextMethods(TestHooker.java:94)
	at com.kms.katalon.core.context.internal.TestListenerCollector.lambda$3(TestListenerCollector.java:88)
	at com.kms.katalon.core.context.internal.TestListenerCollector.handleListenerEvent(TestListenerCollector.java:85)
	at com.kms.katalon.core.context.internal.ExecutionEventManager.publicEvent(ExecutionEventManager.java:36)
	at com.kms.katalon.core.main.TestCaseExecutor.execute(TestCaseExecutor.java:315)
	at com.kms.katalon.core.common.CommonExecutor.accessTestCaseMainPhase(CommonExecutor.java:65)
	at com.kms.katalon.core.main.TestSuiteExecutor.accessTestSuiteMainPhase(TestSuiteExecutor.java:148)
	at com.kms.katalon.core.main.TestSuiteExecutor.execute(TestSuiteExecutor.java:106)
	at com.kms.katalon.core.main.TestCaseMain.startTestSuite(TestCaseMain.java:180)
	at TempTestSuite1721359240774.run(TempTestSuite1721359240774.groovy:35)
	at java.base/jdk.internal.reflect.NativeMethodAccessorImpl.invoke0(Native Method)
	at java.base/jdk.internal.reflect.NativeMethodAccessorImpl.invoke(NativeMethodAccessorImpl.java:77)
	at java.base/jdk.internal.reflect.DelegatingMethodAccessorImpl.invoke(DelegatingMethodAccessorImpl.java:43)
Caused by: com.kms.katalon.core.exception.StepFailedException: No driver found
	at java.base/jdk.internal.reflect.NativeConstructorAccessorImpl.newInstance0(Native Method)
	at java.base/jdk.internal.reflect.NativeConstructorAccessorImpl.newInstance(NativeConstructorAccessorImpl.java:77)
	at java.base/jdk.internal.reflect.DelegatingConstructorAccessorImpl.newInstance(DelegatingConstructorAccessorImpl.java:45)
	at com.kms.katalon.core.mobile.keyword.internal.MobileAbstractKeyword.getAnyAppiumDriver(MobileAbstractKeyword.groovy:43)
	at java.base/jdk.internal.reflect.NativeMethodAccessorImpl.invoke0(Native Method)
	at java.base/jdk.internal.reflect.NativeMethodAccessorImpl.invoke(NativeMethodAccessorImpl.java:77)
	at java.base/jdk.internal.reflect.DelegatingMethodAccessorImpl.invoke(DelegatingMethodAccessorImpl.java:43)
	at com.kms.katalon.core.mobile.keyword.builtin.CloseApplicationKeyword$_closeApplication_closure1.doCall(CloseApplicationKeyword.groovy:38)
	at com.kms.katalon.core.mobile.keyword.builtin.CloseApplicationKeyword$_closeApplication_closure1.call(CloseApplicationKeyword.groovy)
	at com.kms.katalon.core.mobile.keyword.internal.MobileKeywordMain.runKeyword(MobileKeywordMain.groovy:19)
	... 23 more
)

19-07-2024T10:21:04 - [MESSAGE][ERROR] - com.kms.katalon.core.exception.StepFailedException: Unable to close app
	at com.kms.katalon.core.mobile.keyword.internal.MobileKeywordMain.stepFailed(MobileKeywordMain.groovy:38)
	at com.kms.katalon.core.mobile.keyword.internal.MobileKeywordMain.runKeyword(MobileKeywordMain.groovy:21)
	at com.kms.katalon.core.mobile.keyword.builtin.CloseApplicationKeyword.closeApplication(CloseApplicationKeyword.groovy:37)
	at com.kms.katalon.core.mobile.keyword.builtin.CloseApplicationKeyword.execute(CloseApplicationKeyword.groovy:32)
	at com.kms.katalon.core.keyword.internal.KeywordExecutor.executeKeywordForPlatform(KeywordExecutor.groovy:74)
	at com.kms.katalon.core.mobile.keyword.MobileBuiltInKeywords.closeApplication(MobileBuiltInKeywords.groovy:134)
	at BaseTest.closeApplication(BaseTest.groovy:36)
	at java.base/jdk.internal.reflect.NativeMethodAccessorImpl.invoke0(Native Method)
	at java.base/jdk.internal.reflect.NativeMethodAccessorImpl.invoke(NativeMethodAccessorImpl.java:77)
	at java.base/jdk.internal.reflect.DelegatingMethodAccessorImpl.invoke(DelegatingMethodAccessorImpl.java:43)
	at com.kms.katalon.core.context.internal.TestHooker.invokeMethod(TestHooker.java:111)
	at com.kms.katalon.core.context.internal.TestHooker.lambda$3(TestHooker.java:95)
	at com.kms.katalon.core.context.internal.TestHooker.invokeContextMethods(TestHooker.java:94)
	at com.kms.katalon.core.context.internal.TestListenerCollector.lambda$3(TestListenerCollector.java:88)
	at com.kms.katalon.core.context.internal.TestListenerCollector.handleListenerEvent(TestListenerCollector.java:85)
	at com.kms.katalon.core.context.internal.ExecutionEventManager.publicEvent(ExecutionEventManager.java:36)
	at com.kms.katalon.core.main.TestCaseExecutor.execute(TestCaseExecutor.java:315)
	at com.kms.katalon.core.common.CommonExecutor.accessTestCaseMainPhase(CommonExecutor.java:65)
	at com.kms.katalon.core.main.TestSuiteExecutor.accessTestSuiteMainPhase(TestSuiteExecutor.java:148)
	at com.kms.katalon.core.main.TestSuiteExecutor.execute(TestSuiteExecutor.java:106)
	at com.kms.katalon.core.main.TestCaseMain.startTestSuite(TestCaseMain.java:180)
	at TempTestSuite1721359240774.run(TempTestSuite1721359240774.groovy:35)
	at java.base/jdk.internal.reflect.NativeMethodAccessorImpl.invoke0(Native Method)
	at java.base/jdk.internal.reflect.NativeMethodAccessorImpl.invoke(NativeMethodAccessorImpl.java:77)
	at java.base/jdk.internal.reflect.DelegatingMethodAccessorImpl.invoke(DelegatingMethodAccessorImpl.java:43)
Caused by: com.kms.katalon.core.exception.StepFailedException: No driver found
	at java.base/jdk.internal.reflect.NativeConstructorAccessorImpl.newInstance0(Native Method)
	at java.base/jdk.internal.reflect.NativeConstructorAccessorImpl.newInstance(NativeConstructorAccessorImpl.java:77)
	at java.base/jdk.internal.reflect.DelegatingConstructorAccessorImpl.newInstance(DelegatingConstructorAccessorImpl.java:45)
	at com.kms.katalon.core.mobile.keyword.internal.MobileAbstractKeyword.getAnyAppiumDriver(MobileAbstractKeyword.groovy:43)
	at java.base/jdk.internal.reflect.NativeMethodAccessorImpl.invoke0(Native Method)
	at java.base/jdk.internal.reflect.NativeMethodAccessorImpl.invoke(NativeMethodAccessorImpl.java:77)
	at java.base/jdk.internal.reflect.DelegatingMethodAccessorImpl.invoke(DelegatingMethodAccessorImpl.java:43)
	at com.kms.katalon.core.mobile.keyword.builtin.CloseApplicationKeyword$_closeApplication_closure1.doCall(CloseApplicationKeyword.groovy:38)
	at com.kms.katalon.core.mobile.keyword.builtin.CloseApplicationKeyword$_closeApplication_closure1.call(CloseApplicationKeyword.groovy)
	at com.kms.katalon.core.mobile.keyword.internal.MobileKeywordMain.runKeyword(MobileKeywordMain.groovy:19)
	... 23 more


19-07-2024T10:21:04 - [TEST_STEP][PASSED] - Start listener action : closeBrowser: null

19-07-2024T10:21:04 - [TEST_STEP][PASSED] - if (!(isAPIRunning) & isWebRunning): null]]></system-out>
         <system-err><![CDATA[]]></system-err>
      </testcase>
      <testcase name="Test Cases/API/Appointment/POST_Verify book appointment successfully" time="47.372" classname="Test Cases/API/Appointment/POST_Verify book appointment successfully" status="PASSED">
         <system-out><![CDATA[19-07-2024T10:21:04 - [TEST_CASE][PASSED] - Test Cases/API/Appointment/POST_Verify book appointment successfully: Test Cases/API/Appointment/POST_Verify book appointment successfully

19-07-2024T10:21:04 - [TEST_STEP][PASSED] - Start listener action : before: null

19-07-2024T10:21:04 - [TEST_STEP][PASSED] - if (isApiTestCase(testCaseContext.getTestCaseId())): null

19-07-2024T10:21:04 - [TEST_STEP][PASSED] - if (isWebTestCase(testCaseContext.getTestCaseId())): null

19-07-2024T10:21:04 - [TEST_STEP][PASSED] - Start listener action : openApplication: null

19-07-2024T10:21:04 - [TEST_STEP][PASSED] - if (!(isAPIRunning) & !(isWebRunning)): null

19-07-2024T10:21:04 - [TEST_STEP][PASSED] - Start listener action : openBrowser: null

19-07-2024T10:21:04 - [TEST_STEP][PASSED] - if (!(isAPIRunning) & isWebRunning): null

19-07-2024T10:21:04 - [TEST_STEP][PASSED] - timeSlotList = <not implemented yet for class: org.codehaus.groovy.ast.expr.EmptyExpression>: null

19-07-2024T10:21:04 - [TEST_STEP][PASSED] - doctorList = <not implemented yet for class: org.codehaus.groovy.ast.expr.EmptyExpression>: null

19-07-2024T10:21:04 - [TEST_STEP][PASSED] - timeSlotId = <not implemented yet for class: org.codehaus.groovy.ast.expr.EmptyExpression>: null

19-07-2024T10:21:04 - [TEST_STEP][PASSED] - doctorId = <not implemented yet for class: org.codehaus.groovy.ast.expr.EmptyExpression>: null

19-07-2024T10:21:04 - [TEST_STEP][PASSED] - dateInTheFuture = <not implemented yet for class: org.codehaus.groovy.ast.expr.EmptyExpression>: null

19-07-2024T10:21:04 - [TEST_STEP][PASSED] - specialityId = <not implemented yet for class: org.codehaus.groovy.ast.expr.EmptyExpression>: null

19-07-2024T10:21:04 - [TEST_STEP][PASSED] - specialtyName = "Dermatology": null

19-07-2024T10:21:04 - [TEST_STEP][PASSED] - note = "This is note": null

19-07-2024T10:21:04 - [TEST_STEP][PASSED] - user = withRole("Admin").getFirst(): null

19-07-2024T10:21:04 - [TEST_STEP][PASSED] - adminAccessToken = signIn(email, pwd).getAccessToken(): Send request successfully

19-07-2024T10:21:05 - [MESSAGE][INFO] - HAR: /Users/linh.phan/Automation_Katalon_QE/katalon-healthcare/Reports/20240719_102040/API/API Regression Test/20240719_102040/requests/main/10.har

19-07-2024T10:21:05 - [MESSAGE][PASSED] - Send request successfully

19-07-2024T10:21:05 - [TEST_STEP][PASSED] - specialityId = id: Send request successfully

19-07-2024T10:21:08 - [MESSAGE][INFO] - HAR: /Users/linh.phan/Automation_Katalon_QE/katalon-healthcare/Reports/20240719_102040/API/API Regression Test/20240719_102040/requests/main/11.har

19-07-2024T10:21:08 - [MESSAGE][PASSED] - Send request successfully

19-07-2024T10:21:09 - [MESSAGE][INFO] - HAR: /Users/linh.phan/Automation_Katalon_QE/katalon-healthcare/Reports/20240719_102040/API/API Regression Test/20240719_102040/requests/main/12.har

19-07-2024T10:21:09 - [MESSAGE][PASSED] - Send request successfully

19-07-2024T10:21:09 - [TEST_STEP][PASSED] - activateSpecialty(adminAccessToken, specialityId).verifyStatusCode(200): Verify response status code successfully

19-07-2024T10:21:11 - [MESSAGE][INFO] - HAR: /Users/linh.phan/Automation_Katalon_QE/katalon-healthcare/Reports/20240719_102040/API/API Regression Test/20240719_102040/requests/main/13.har

19-07-2024T10:21:11 - [MESSAGE][PASSED] - Send request successfully

19-07-2024T10:21:11 - [MESSAGE][PASSED] - Verify response status code successfully

19-07-2024T10:21:11 - [TEST_STEP][PASSED] - user = withRole("Patient").getFirst(): null

19-07-2024T10:21:11 - [TEST_STEP][PASSED] - patientAccessToken = signIn(email, pwd).getAccessToken(): Send request successfully

19-07-2024T10:21:12 - [MESSAGE][INFO] - HAR: /Users/linh.phan/Automation_Katalon_QE/katalon-healthcare/Reports/20240719_102040/API/API Regression Test/20240719_102040/requests/main/14.har

19-07-2024T10:21:12 - [MESSAGE][PASSED] - Send request successfully

19-07-2024T10:21:12 - [TEST_STEP][PASSED] - while (true): null

19-07-2024T10:21:12 - [TEST_STEP][PASSED] - dateInTheFuture = DateUtil).generateDateInFuture(1, 14): null

19-07-2024T10:21:12 - [TEST_STEP][PASSED] - timeSlotResponse = getAppointmentTimeSlot(dateInTheFuture, specialityId, patientAccessToken).parseResponseBodyToJsonObject(): Send request successfully

19-07-2024T10:21:14 - [MESSAGE][INFO] - HAR: /Users/linh.phan/Automation_Katalon_QE/katalon-healthcare/Reports/20240719_102040/API/API Regression Test/20240719_102040/requests/main/15.har

19-07-2024T10:21:14 - [MESSAGE][PASSED] - Send request successfully

19-07-2024T10:21:14 - [TEST_STEP][PASSED] - if (message.compareTo("You have booked this specialty on this day, please choose another day!") == 0): null

19-07-2024T10:21:14 - [TEST_STEP][PASSED] - check = false: null

19-07-2024T10:21:14 - [TEST_STEP][PASSED] - for (def timeSlot : data): null

19-07-2024T10:21:14 - [TEST_STEP][PASSED] - if (!(check)): null

19-07-2024T10:21:14 - [TEST_STEP][PASSED] - <not implemented yet for class: org.codehaus.groovy.ast.stmt.ContinueStatement>: null

19-07-2024T10:21:14 - [TEST_STEP][PASSED] - dateInTheFuture = DateUtil).generateDateInFuture(1, 14): null

19-07-2024T10:21:14 - [TEST_STEP][PASSED] - timeSlotResponse = getAppointmentTimeSlot(dateInTheFuture, specialityId, patientAccessToken).parseResponseBodyToJsonObject(): Send request successfully

19-07-2024T10:21:15 - [MESSAGE][INFO] - HAR: /Users/linh.phan/Automation_Katalon_QE/katalon-healthcare/Reports/20240719_102040/API/API Regression Test/20240719_102040/requests/main/16.har

19-07-2024T10:21:15 - [MESSAGE][PASSED] - Send request successfully

19-07-2024T10:21:15 - [TEST_STEP][PASSED] - if (message.compareTo("You have booked this specialty on this day, please choose another day!") == 0): null

19-07-2024T10:21:15 - [TEST_STEP][PASSED] - check = false: null

19-07-2024T10:21:15 - [TEST_STEP][PASSED] - for (def timeSlot : data): null

19-07-2024T10:21:15 - [TEST_STEP][PASSED] - if (!(check)): null

19-07-2024T10:21:15 - [TEST_STEP][PASSED] - <not implemented yet for class: org.codehaus.groovy.ast.stmt.ContinueStatement>: null

19-07-2024T10:21:15 - [TEST_STEP][PASSED] - dateInTheFuture = DateUtil).generateDateInFuture(1, 14): null

19-07-2024T10:21:15 - [TEST_STEP][PASSED] - timeSlotResponse = getAppointmentTimeSlot(dateInTheFuture, specialityId, patientAccessToken).parseResponseBodyToJsonObject(): Send request successfully

19-07-2024T10:21:16 - [MESSAGE][INFO] - HAR: /Users/linh.phan/Automation_Katalon_QE/katalon-healthcare/Reports/20240719_102040/API/API Regression Test/20240719_102040/requests/main/17.har

19-07-2024T10:21:16 - [MESSAGE][PASSED] - Send request successfully

19-07-2024T10:21:16 - [TEST_STEP][PASSED] - if (message.compareTo("You have booked this specialty on this day, please choose another day!") == 0): null

19-07-2024T10:21:16 - [TEST_STEP][PASSED] - check = false: null

19-07-2024T10:21:16 - [TEST_STEP][PASSED] - for (def timeSlot : data): null

19-07-2024T10:21:16 - [TEST_STEP][PASSED] - if (!(check)): null

19-07-2024T10:21:16 - [TEST_STEP][PASSED] - <not implemented yet for class: org.codehaus.groovy.ast.stmt.ContinueStatement>: null

19-07-2024T10:21:16 - [TEST_STEP][PASSED] - dateInTheFuture = DateUtil).generateDateInFuture(1, 14): null

19-07-2024T10:21:16 - [TEST_STEP][PASSED] - timeSlotResponse = getAppointmentTimeSlot(dateInTheFuture, specialityId, patientAccessToken).parseResponseBodyToJsonObject(): Send request successfully

19-07-2024T10:21:19 - [MESSAGE][INFO] - HAR: /Users/linh.phan/Automation_Katalon_QE/katalon-healthcare/Reports/20240719_102040/API/API Regression Test/20240719_102040/requests/main/18.har

19-07-2024T10:21:19 - [MESSAGE][PASSED] - Send request successfully

19-07-2024T10:21:19 - [TEST_STEP][PASSED] - if (message.compareTo("You have booked this specialty on this day, please choose another day!") == 0): null

19-07-2024T10:21:19 - [TEST_STEP][PASSED] - check = false: null

19-07-2024T10:21:19 - [TEST_STEP][PASSED] - for (def timeSlot : data): null

19-07-2024T10:21:19 - [TEST_STEP][PASSED] - if (!(check)): null

19-07-2024T10:21:19 - [TEST_STEP][PASSED] - <not implemented yet for class: org.codehaus.groovy.ast.stmt.ContinueStatement>: null

19-07-2024T10:21:19 - [TEST_STEP][PASSED] - dateInTheFuture = DateUtil).generateDateInFuture(1, 14): null

19-07-2024T10:21:19 - [TEST_STEP][PASSED] - timeSlotResponse = getAppointmentTimeSlot(dateInTheFuture, specialityId, patientAccessToken).parseResponseBodyToJsonObject(): Send request successfully

19-07-2024T10:21:21 - [MESSAGE][INFO] - HAR: /Users/linh.phan/Automation_Katalon_QE/katalon-healthcare/Reports/20240719_102040/API/API Regression Test/20240719_102040/requests/main/19.har

19-07-2024T10:21:21 - [MESSAGE][PASSED] - Send request successfully

19-07-2024T10:21:21 - [TEST_STEP][PASSED] - if (message.compareTo("You have booked this specialty on this day, please choose another day!") == 0): null

19-07-2024T10:21:21 - [TEST_STEP][PASSED] - check = false: null

19-07-2024T10:21:21 - [TEST_STEP][PASSED] - for (def timeSlot : data): null

19-07-2024T10:21:21 - [TEST_STEP][PASSED] - if (!(check)): null

19-07-2024T10:21:21 - [TEST_STEP][PASSED] - <not implemented yet for class: org.codehaus.groovy.ast.stmt.ContinueStatement>: null

19-07-2024T10:21:21 - [TEST_STEP][PASSED] - dateInTheFuture = DateUtil).generateDateInFuture(1, 14): null

19-07-2024T10:21:21 - [TEST_STEP][PASSED] - timeSlotResponse = getAppointmentTimeSlot(dateInTheFuture, specialityId, patientAccessToken).parseResponseBodyToJsonObject(): Send request successfully

19-07-2024T10:21:22 - [MESSAGE][INFO] - HAR: /Users/linh.phan/Automation_Katalon_QE/katalon-healthcare/Reports/20240719_102040/API/API Regression Test/20240719_102040/requests/main/20.har

19-07-2024T10:21:22 - [MESSAGE][PASSED] - Send request successfully

19-07-2024T10:21:22 - [TEST_STEP][PASSED] - if (message.compareTo("You have booked this specialty on this day, please choose another day!") == 0): null

19-07-2024T10:21:22 - [TEST_STEP][PASSED] - check = false: null

19-07-2024T10:21:22 - [TEST_STEP][PASSED] - for (def timeSlot : data): null

19-07-2024T10:21:22 - [TEST_STEP][PASSED] - if (!(check)): null

19-07-2024T10:21:22 - [TEST_STEP][PASSED] - <not implemented yet for class: org.codehaus.groovy.ast.stmt.ContinueStatement>: null

19-07-2024T10:21:22 - [TEST_STEP][PASSED] - dateInTheFuture = DateUtil).generateDateInFuture(1, 14): null

19-07-2024T10:21:22 - [TEST_STEP][PASSED] - timeSlotResponse = getAppointmentTimeSlot(dateInTheFuture, specialityId, patientAccessToken).parseResponseBodyToJsonObject(): Send request successfully

19-07-2024T10:21:23 - [MESSAGE][INFO] - HAR: /Users/linh.phan/Automation_Katalon_QE/katalon-healthcare/Reports/20240719_102040/API/API Regression Test/20240719_102040/requests/main/21.har

19-07-2024T10:21:23 - [MESSAGE][PASSED] - Send request successfully

19-07-2024T10:21:23 - [TEST_STEP][PASSED] - if (message.compareTo("You have booked this specialty on this day, please choose another day!") == 0): null

19-07-2024T10:21:23 - [TEST_STEP][PASSED] - check = false: null

19-07-2024T10:21:23 - [TEST_STEP][PASSED] - for (def timeSlot : data): null

19-07-2024T10:21:23 - [TEST_STEP][PASSED] - if (!(check)): null

19-07-2024T10:21:23 - [TEST_STEP][PASSED] - <not implemented yet for class: org.codehaus.groovy.ast.stmt.ContinueStatement>: null

19-07-2024T10:21:23 - [TEST_STEP][PASSED] - dateInTheFuture = DateUtil).generateDateInFuture(1, 14): null

19-07-2024T10:21:23 - [TEST_STEP][PASSED] - timeSlotResponse = getAppointmentTimeSlot(dateInTheFuture, specialityId, patientAccessToken).parseResponseBodyToJsonObject(): Send request successfully

19-07-2024T10:21:24 - [MESSAGE][INFO] - HAR: /Users/linh.phan/Automation_Katalon_QE/katalon-healthcare/Reports/20240719_102040/API/API Regression Test/20240719_102040/requests/main/22.har

19-07-2024T10:21:24 - [MESSAGE][PASSED] - Send request successfully

19-07-2024T10:21:24 - [TEST_STEP][PASSED] - if (message.compareTo("You have booked this specialty on this day, please choose another day!") == 0): null

19-07-2024T10:21:24 - [TEST_STEP][PASSED] - check = false: null

19-07-2024T10:21:24 - [TEST_STEP][PASSED] - for (def timeSlot : data): null

19-07-2024T10:21:24 - [TEST_STEP][PASSED] - if (!(check)): null

19-07-2024T10:21:24 - [TEST_STEP][PASSED] - <not implemented yet for class: org.codehaus.groovy.ast.stmt.ContinueStatement>: null

19-07-2024T10:21:24 - [TEST_STEP][PASSED] - dateInTheFuture = DateUtil).generateDateInFuture(1, 14): null

19-07-2024T10:21:24 - [TEST_STEP][PASSED] - timeSlotResponse = getAppointmentTimeSlot(dateInTheFuture, specialityId, patientAccessToken).parseResponseBodyToJsonObject(): Send request successfully

19-07-2024T10:21:25 - [MESSAGE][INFO] - HAR: /Users/linh.phan/Automation_Katalon_QE/katalon-healthcare/Reports/20240719_102040/API/API Regression Test/20240719_102040/requests/main/23.har

19-07-2024T10:21:25 - [MESSAGE][PASSED] - Send request successfully

19-07-2024T10:21:25 - [TEST_STEP][PASSED] - if (message.compareTo("You have booked this specialty on this day, please choose another day!") == 0): null

19-07-2024T10:21:25 - [TEST_STEP][PASSED] - check = false: null

19-07-2024T10:21:25 - [TEST_STEP][PASSED] - for (def timeSlot : data): null

19-07-2024T10:21:25 - [TEST_STEP][PASSED] - if (!(check)): null

19-07-2024T10:21:25 - [TEST_STEP][PASSED] - <not implemented yet for class: org.codehaus.groovy.ast.stmt.ContinueStatement>: null

19-07-2024T10:21:25 - [TEST_STEP][PASSED] - dateInTheFuture = DateUtil).generateDateInFuture(1, 14): null

19-07-2024T10:21:25 - [TEST_STEP][PASSED] - timeSlotResponse = getAppointmentTimeSlot(dateInTheFuture, specialityId, patientAccessToken).parseResponseBodyToJsonObject(): Send request successfully

19-07-2024T10:21:27 - [MESSAGE][INFO] - HAR: /Users/linh.phan/Automation_Katalon_QE/katalon-healthcare/Reports/20240719_102040/API/API Regression Test/20240719_102040/requests/main/24.har

19-07-2024T10:21:27 - [MESSAGE][PASSED] - Send request successfully

19-07-2024T10:21:27 - [TEST_STEP][PASSED] - if (message.compareTo("You have booked this specialty on this day, please choose another day!") == 0): null

19-07-2024T10:21:27 - [TEST_STEP][PASSED] - check = false: null

19-07-2024T10:21:27 - [TEST_STEP][PASSED] - for (def timeSlot : data): null

19-07-2024T10:21:27 - [TEST_STEP][PASSED] - if (!(check)): null

19-07-2024T10:21:27 - [TEST_STEP][PASSED] - <not implemented yet for class: org.codehaus.groovy.ast.stmt.ContinueStatement>: null

19-07-2024T10:21:27 - [TEST_STEP][PASSED] - dateInTheFuture = DateUtil).generateDateInFuture(1, 14): null

19-07-2024T10:21:27 - [TEST_STEP][PASSED] - timeSlotResponse = getAppointmentTimeSlot(dateInTheFuture, specialityId, patientAccessToken).parseResponseBodyToJsonObject(): Send request successfully

19-07-2024T10:21:28 - [MESSAGE][INFO] - HAR: /Users/linh.phan/Automation_Katalon_QE/katalon-healthcare/Reports/20240719_102040/API/API Regression Test/20240719_102040/requests/main/25.har

19-07-2024T10:21:28 - [MESSAGE][PASSED] - Send request successfully

19-07-2024T10:21:28 - [TEST_STEP][PASSED] - if (message.compareTo("You have booked this specialty on this day, please choose another day!") == 0): null

19-07-2024T10:21:28 - [TEST_STEP][PASSED] - check = false: null

19-07-2024T10:21:28 - [TEST_STEP][PASSED] - for (def timeSlot : data): null

19-07-2024T10:21:28 - [TEST_STEP][PASSED] - if (!(check)): null

19-07-2024T10:21:28 - [TEST_STEP][PASSED] - <not implemented yet for class: org.codehaus.groovy.ast.stmt.ContinueStatement>: null

19-07-2024T10:21:28 - [TEST_STEP][PASSED] - dateInTheFuture = DateUtil).generateDateInFuture(1, 14): null

19-07-2024T10:21:28 - [TEST_STEP][PASSED] - timeSlotResponse = getAppointmentTimeSlot(dateInTheFuture, specialityId, patientAccessToken).parseResponseBodyToJsonObject(): Send request successfully

19-07-2024T10:21:29 - [MESSAGE][INFO] - HAR: /Users/linh.phan/Automation_Katalon_QE/katalon-healthcare/Reports/20240719_102040/API/API Regression Test/20240719_102040/requests/main/26.har

19-07-2024T10:21:29 - [MESSAGE][PASSED] - Send request successfully

19-07-2024T10:21:29 - [TEST_STEP][PASSED] - if (message.compareTo("You have booked this specialty on this day, please choose another day!") == 0): null

19-07-2024T10:21:29 - [TEST_STEP][PASSED] - check = false: null

19-07-2024T10:21:29 - [TEST_STEP][PASSED] - for (def timeSlot : data): null

19-07-2024T10:21:29 - [TEST_STEP][PASSED] - if (!(check)): null

19-07-2024T10:21:29 - [TEST_STEP][PASSED] - <not implemented yet for class: org.codehaus.groovy.ast.stmt.ContinueStatement>: null

19-07-2024T10:21:29 - [TEST_STEP][PASSED] - dateInTheFuture = DateUtil).generateDateInFuture(1, 14): null

19-07-2024T10:21:29 - [TEST_STEP][PASSED] - timeSlotResponse = getAppointmentTimeSlot(dateInTheFuture, specialityId, patientAccessToken).parseResponseBodyToJsonObject(): Send request successfully

19-07-2024T10:21:31 - [MESSAGE][INFO] - HAR: /Users/linh.phan/Automation_Katalon_QE/katalon-healthcare/Reports/20240719_102040/API/API Regression Test/20240719_102040/requests/main/27.har

19-07-2024T10:21:31 - [MESSAGE][PASSED] - Send request successfully

19-07-2024T10:21:31 - [TEST_STEP][PASSED] - if (message.compareTo("You have booked this specialty on this day, please choose another day!") == 0): null

19-07-2024T10:21:31 - [TEST_STEP][PASSED] - check = false: null

19-07-2024T10:21:31 - [TEST_STEP][PASSED] - for (def timeSlot : data): null

19-07-2024T10:21:31 - [TEST_STEP][PASSED] - if (!(check)): null

19-07-2024T10:21:31 - [TEST_STEP][PASSED] - <not implemented yet for class: org.codehaus.groovy.ast.stmt.ContinueStatement>: null

19-07-2024T10:21:31 - [TEST_STEP][PASSED] - dateInTheFuture = DateUtil).generateDateInFuture(1, 14): null

19-07-2024T10:21:31 - [TEST_STEP][PASSED] - timeSlotResponse = getAppointmentTimeSlot(dateInTheFuture, specialityId, patientAccessToken).parseResponseBodyToJsonObject(): Send request successfully

19-07-2024T10:21:32 - [MESSAGE][INFO] - HAR: /Users/linh.phan/Automation_Katalon_QE/katalon-healthcare/Reports/20240719_102040/API/API Regression Test/20240719_102040/requests/main/28.har

19-07-2024T10:21:32 - [MESSAGE][PASSED] - Send request successfully

19-07-2024T10:21:32 - [TEST_STEP][PASSED] - if (message.compareTo("You have booked this specialty on this day, please choose another day!") == 0): null

19-07-2024T10:21:32 - [TEST_STEP][PASSED] - check = false: null

19-07-2024T10:21:32 - [TEST_STEP][PASSED] - for (def timeSlot : data): null

19-07-2024T10:21:32 - [TEST_STEP][PASSED] - if (!(check)): null

19-07-2024T10:21:32 - [TEST_STEP][PASSED] - <not implemented yet for class: org.codehaus.groovy.ast.stmt.ContinueStatement>: null

19-07-2024T10:21:32 - [TEST_STEP][PASSED] - dateInTheFuture = DateUtil).generateDateInFuture(1, 14): null

19-07-2024T10:21:32 - [TEST_STEP][PASSED] - timeSlotResponse = getAppointmentTimeSlot(dateInTheFuture, specialityId, patientAccessToken).parseResponseBodyToJsonObject(): Send request successfully

19-07-2024T10:21:33 - [MESSAGE][INFO] - HAR: /Users/linh.phan/Automation_Katalon_QE/katalon-healthcare/Reports/20240719_102040/API/API Regression Test/20240719_102040/requests/main/29.har

19-07-2024T10:21:33 - [MESSAGE][PASSED] - Send request successfully

19-07-2024T10:21:33 - [TEST_STEP][PASSED] - if (message.compareTo("You have booked this specialty on this day, please choose another day!") == 0): null

19-07-2024T10:21:33 - [TEST_STEP][PASSED] - check = false: null

19-07-2024T10:21:33 - [TEST_STEP][PASSED] - for (def timeSlot : data): null

19-07-2024T10:21:33 - [TEST_STEP][PASSED] - if (!(check)): null

19-07-2024T10:21:33 - [TEST_STEP][PASSED] - <not implemented yet for class: org.codehaus.groovy.ast.stmt.ContinueStatement>: null

19-07-2024T10:21:33 - [TEST_STEP][PASSED] - dateInTheFuture = DateUtil).generateDateInFuture(1, 14): null

19-07-2024T10:21:33 - [TEST_STEP][PASSED] - timeSlotResponse = getAppointmentTimeSlot(dateInTheFuture, specialityId, patientAccessToken).parseResponseBodyToJsonObject(): Send request successfully

19-07-2024T10:21:35 - [MESSAGE][INFO] - HAR: /Users/linh.phan/Automation_Katalon_QE/katalon-healthcare/Reports/20240719_102040/API/API Regression Test/20240719_102040/requests/main/30.har

19-07-2024T10:21:35 - [MESSAGE][PASSED] - Send request successfully

19-07-2024T10:21:35 - [TEST_STEP][PASSED] - if (message.compareTo("You have booked this specialty on this day, please choose another day!") == 0): null

19-07-2024T10:21:35 - [TEST_STEP][PASSED] - check = false: null

19-07-2024T10:21:35 - [TEST_STEP][PASSED] - for (def timeSlot : data): null

19-07-2024T10:21:35 - [TEST_STEP][PASSED] - if (!(check)): null

19-07-2024T10:21:35 - [TEST_STEP][PASSED] - <not implemented yet for class: org.codehaus.groovy.ast.stmt.ContinueStatement>: null

19-07-2024T10:21:35 - [TEST_STEP][PASSED] - dateInTheFuture = DateUtil).generateDateInFuture(1, 14): null

19-07-2024T10:21:35 - [TEST_STEP][PASSED] - timeSlotResponse = getAppointmentTimeSlot(dateInTheFuture, specialityId, patientAccessToken).parseResponseBodyToJsonObject(): Send request successfully

19-07-2024T10:21:36 - [MESSAGE][INFO] - HAR: /Users/linh.phan/Automation_Katalon_QE/katalon-healthcare/Reports/20240719_102040/API/API Regression Test/20240719_102040/requests/main/31.har

19-07-2024T10:21:36 - [MESSAGE][PASSED] - Send request successfully

19-07-2024T10:21:36 - [TEST_STEP][PASSED] - if (message.compareTo("You have booked this specialty on this day, please choose another day!") == 0): null

19-07-2024T10:21:36 - [TEST_STEP][PASSED] - check = false: null

19-07-2024T10:21:36 - [TEST_STEP][PASSED] - for (def timeSlot : data): null

19-07-2024T10:21:36 - [TEST_STEP][PASSED] - if (!(check)): null

19-07-2024T10:21:36 - [TEST_STEP][PASSED] - <not implemented yet for class: org.codehaus.groovy.ast.stmt.ContinueStatement>: null

19-07-2024T10:21:36 - [TEST_STEP][PASSED] - dateInTheFuture = DateUtil).generateDateInFuture(1, 14): null

19-07-2024T10:21:36 - [TEST_STEP][PASSED] - timeSlotResponse = getAppointmentTimeSlot(dateInTheFuture, specialityId, patientAccessToken).parseResponseBodyToJsonObject(): Send request successfully

19-07-2024T10:21:37 - [MESSAGE][INFO] - HAR: /Users/linh.phan/Automation_Katalon_QE/katalon-healthcare/Reports/20240719_102040/API/API Regression Test/20240719_102040/requests/main/32.har

19-07-2024T10:21:37 - [MESSAGE][PASSED] - Send request successfully

19-07-2024T10:21:37 - [TEST_STEP][PASSED] - if (message.compareTo("You have booked this specialty on this day, please choose another day!") == 0): null

19-07-2024T10:21:37 - [TEST_STEP][PASSED] - check = false: null

19-07-2024T10:21:37 - [TEST_STEP][PASSED] - for (def timeSlot : data): null

19-07-2024T10:21:37 - [TEST_STEP][PASSED] - if (!(check)): null

19-07-2024T10:21:37 - [TEST_STEP][PASSED] - <not implemented yet for class: org.codehaus.groovy.ast.stmt.ContinueStatement>: null

19-07-2024T10:21:37 - [TEST_STEP][PASSED] - dateInTheFuture = DateUtil).generateDateInFuture(1, 14): null

19-07-2024T10:21:37 - [TEST_STEP][PASSED] - timeSlotResponse = getAppointmentTimeSlot(dateInTheFuture, specialityId, patientAccessToken).parseResponseBodyToJsonObject(): Send request successfully

19-07-2024T10:21:38 - [MESSAGE][INFO] - HAR: /Users/linh.phan/Automation_Katalon_QE/katalon-healthcare/Reports/20240719_102040/API/API Regression Test/20240719_102040/requests/main/33.har

19-07-2024T10:21:38 - [MESSAGE][PASSED] - Send request successfully

19-07-2024T10:21:38 - [TEST_STEP][PASSED] - if (message.compareTo("You have booked this specialty on this day, please choose another day!") == 0): null

19-07-2024T10:21:38 - [TEST_STEP][PASSED] - check = false: null

19-07-2024T10:21:38 - [TEST_STEP][PASSED] - for (def timeSlot : data): null

19-07-2024T10:21:38 - [TEST_STEP][PASSED] - if (!(check)): null

19-07-2024T10:21:38 - [TEST_STEP][PASSED] - <not implemented yet for class: org.codehaus.groovy.ast.stmt.ContinueStatement>: null

19-07-2024T10:21:38 - [TEST_STEP][PASSED] - dateInTheFuture = DateUtil).generateDateInFuture(1, 14): null

19-07-2024T10:21:38 - [TEST_STEP][PASSED] - timeSlotResponse = getAppointmentTimeSlot(dateInTheFuture, specialityId, patientAccessToken).parseResponseBodyToJsonObject(): Send request successfully

19-07-2024T10:21:40 - [MESSAGE][INFO] - HAR: /Users/linh.phan/Automation_Katalon_QE/katalon-healthcare/Reports/20240719_102040/API/API Regression Test/20240719_102040/requests/main/34.har

19-07-2024T10:21:40 - [MESSAGE][PASSED] - Send request successfully

19-07-2024T10:21:40 - [TEST_STEP][PASSED] - if (message.compareTo("You have booked this specialty on this day, please choose another day!") == 0): null

19-07-2024T10:21:40 - [TEST_STEP][PASSED] - check = false: null

19-07-2024T10:21:40 - [TEST_STEP][PASSED] - for (def timeSlot : data): null

19-07-2024T10:21:40 - [TEST_STEP][PASSED] - if (!(check)): null

19-07-2024T10:21:40 - [TEST_STEP][PASSED] - <not implemented yet for class: org.codehaus.groovy.ast.stmt.ContinueStatement>: null

19-07-2024T10:21:40 - [TEST_STEP][PASSED] - dateInTheFuture = DateUtil).generateDateInFuture(1, 14): null

[...]
	at com.kms.katalon.core.context.internal.ExecutionEventManager.publicEvent(ExecutionEventManager.java:36)
	at com.kms.katalon.core.main.TestCaseExecutor.execute(TestCaseExecutor.java:315)
	at com.kms.katalon.core.common.CommonExecutor.accessTestCaseMainPhase(CommonExecutor.java:65)
	at com.kms.katalon.core.main.TestSuiteExecutor.accessTestSuiteMainPhase(TestSuiteExecutor.java:148)
	at com.kms.katalon.core.main.TestSuiteExecutor.execute(TestSuiteExecutor.java:106)
	at com.kms.katalon.core.main.TestCaseMain.startTestSuite(TestCaseMain.java:180)
	at TempTestSuite1721359240774.run(TempTestSuite1721359240774.groovy:35)
	at java.base/jdk.internal.reflect.NativeMethodAccessorImpl.invoke0(Native Method)
	at java.base/jdk.internal.reflect.NativeMethodAccessorImpl.invoke(NativeMethodAccessorImpl.java:77)
	at java.base/jdk.internal.reflect.DelegatingMethodAccessorImpl.invoke(DelegatingMethodAccessorImpl.java:43)
Caused by: com.kms.katalon.core.exception.StepFailedException: No driver found
	at java.base/jdk.internal.reflect.NativeConstructorAccessorImpl.newInstance0(Native Method)
	at java.base/jdk.internal.reflect.NativeConstructorAccessorImpl.newInstance(NativeConstructorAccessorImpl.java:77)
	at java.base/jdk.internal.reflect.DelegatingConstructorAccessorImpl.newInstance(DelegatingConstructorAccessorImpl.java:45)
	at com.kms.katalon.core.mobile.keyword.internal.MobileAbstractKeyword.getAnyAppiumDriver(MobileAbstractKeyword.groovy:43)
	at java.base/jdk.internal.reflect.NativeMethodAccessorImpl.invoke0(Native Method)
	at java.base/jdk.internal.reflect.NativeMethodAccessorImpl.invoke(NativeMethodAccessorImpl.java:77)
	at java.base/jdk.internal.reflect.DelegatingMethodAccessorImpl.invoke(DelegatingMethodAccessorImpl.java:43)
	at com.kms.katalon.core.mobile.keyword.builtin.CloseApplicationKeyword$_closeApplication_closure1.doCall(CloseApplicationKeyword.groovy:38)
	at com.kms.katalon.core.mobile.keyword.builtin.CloseApplicationKeyword$_closeApplication_closure1.call(CloseApplicationKeyword.groovy)
	at com.kms.katalon.core.mobile.keyword.internal.MobileKeywordMain.runKeyword(MobileKeywordMain.groovy:19)
	... 23 more


19-07-2024T10:22:58 - [TEST_STEP][ERROR] - closeApplication(): com.kms.katalon.core.exception.StepFailedException: Unable to close app
	at com.kms.katalon.core.mobile.keyword.internal.MobileKeywordMain.stepFailed(MobileKeywordMain.groovy:38)
	at com.kms.katalon.core.mobile.keyword.internal.MobileKeywordMain.runKeyword(MobileKeywordMain.groovy:21)
	at com.kms.katalon.core.mobile.keyword.builtin.CloseApplicationKeyword.closeApplication(CloseApplicationKeyword.groovy:37)
	at com.kms.katalon.core.mobile.keyword.builtin.CloseApplicationKeyword.execute(CloseApplicationKeyword.groovy:32)
	at com.kms.katalon.core.keyword.internal.KeywordExecutor.executeKeywordForPlatform(KeywordExecutor.groovy:74)
	at com.kms.katalon.core.mobile.keyword.MobileBuiltInKeywords.closeApplication(MobileBuiltInKeywords.groovy:134)
	at BaseTest.closeApplication(BaseTest.groovy:36)
	at java.base/jdk.internal.reflect.NativeMethodAccessorImpl.invoke0(Native Method)
	at java.base/jdk.internal.reflect.NativeMethodAccessorImpl.invoke(NativeMethodAccessorImpl.java:77)
	at java.base/jdk.internal.reflect.DelegatingMethodAccessorImpl.invoke(DelegatingMethodAccessorImpl.java:43)
	at com.kms.katalon.core.context.internal.TestHooker.invokeMethod(TestHooker.java:111)
	at com.kms.katalon.core.context.internal.TestHooker.lambda$3(TestHooker.java:95)
	at com.kms.katalon.core.context.internal.TestHooker.invokeContextMethods(TestHooker.java:94)
	at com.kms.katalon.core.context.internal.TestListenerCollector.lambda$3(TestListenerCollector.java:88)
	at com.kms.katalon.core.context.internal.TestListenerCollector.handleListenerEvent(TestListenerCollector.java:85)
	at com.kms.katalon.core.context.internal.ExecutionEventManager.publicEvent(ExecutionEventManager.java:36)
	at com.kms.katalon.core.main.TestCaseExecutor.execute(TestCaseExecutor.java:315)
	at com.kms.katalon.core.common.CommonExecutor.accessTestCaseMainPhase(CommonExecutor.java:65)
	at com.kms.katalon.core.main.TestSuiteExecutor.accessTestSuiteMainPhase(TestSuiteExecutor.java:148)
	at com.kms.katalon.core.main.TestSuiteExecutor.execute(TestSuiteExecutor.java:106)
	at com.kms.katalon.core.main.TestCaseMain.startTestSuite(TestCaseMain.java:180)
	at TempTestSuite1721359240774.run(TempTestSuite1721359240774.groovy:35)
	at java.base/jdk.internal.reflect.NativeMethodAccessorImpl.invoke0(Native Method)
	at java.base/jdk.internal.reflect.NativeMethodAccessorImpl.invoke(NativeMethodAccessorImpl.java:77)
	at java.base/jdk.internal.reflect.DelegatingMethodAccessorImpl.invoke(DelegatingMethodAccessorImpl.java:43)
Caused by: com.kms.katalon.core.exception.StepFailedException: No driver found
	at java.base/jdk.internal.reflect.NativeConstructorAccessorImpl.newInstance0(Native Method)
	at java.base/jdk.internal.reflect.NativeConstructorAccessorImpl.newInstance(NativeConstructorAccessorImpl.java:77)
	at java.base/jdk.internal.reflect.DelegatingConstructorAccessorImpl.newInstance(DelegatingConstructorAccessorImpl.java:45)
	at com.kms.katalon.core.mobile.keyword.internal.MobileAbstractKeyword.getAnyAppiumDriver(MobileAbstractKeyword.groovy:43)
	at java.base/jdk.internal.reflect.NativeMethodAccessorImpl.invoke0(Native Method)
	at java.base/jdk.internal.reflect.NativeMethodAccessorImpl.invoke(NativeMethodAccessorImpl.java:77)
	at java.base/jdk.internal.reflect.DelegatingMethodAccessorImpl.invoke(DelegatingMethodAccessorImpl.java:43)
	at com.kms.katalon.core.mobile.keyword.builtin.CloseApplicationKeyword$_closeApplication_closure1.doCall(CloseApplicationKeyword.groovy:38)
	at com.kms.katalon.core.mobile.keyword.builtin.CloseApplicationKeyword$_closeApplication_closure1.call(CloseApplicationKeyword.groovy)
	at com.kms.katalon.core.mobile.keyword.internal.MobileKeywordMain.runKeyword(MobileKeywordMain.groovy:19)
	... 23 more


19-07-2024T10:22:58 - [MESSAGE][FAILED] - Unable to close app (Root cause: com.kms.katalon.core.exception.StepFailedException: Unable to close app
	at com.kms.katalon.core.mobile.keyword.internal.MobileKeywordMain.stepFailed(MobileKeywordMain.groovy:38)
	at com.kms.katalon.core.mobile.keyword.internal.MobileKeywordMain.runKeyword(MobileKeywordMain.groovy:21)
	at com.kms.katalon.core.mobile.keyword.builtin.CloseApplicationKeyword.closeApplication(CloseApplicationKeyword.groovy:37)
	at com.kms.katalon.core.mobile.keyword.builtin.CloseApplicationKeyword.execute(CloseApplicationKeyword.groovy:32)
	at com.kms.katalon.core.keyword.internal.KeywordExecutor.executeKeywordForPlatform(KeywordExecutor.groovy:74)
	at com.kms.katalon.core.mobile.keyword.MobileBuiltInKeywords.closeApplication(MobileBuiltInKeywords.groovy:134)
	at BaseTest.closeApplication(BaseTest.groovy:36)
	at java.base/jdk.internal.reflect.NativeMethodAccessorImpl.invoke0(Native Method)
	at java.base/jdk.internal.reflect.NativeMethodAccessorImpl.invoke(NativeMethodAccessorImpl.java:77)
	at java.base/jdk.internal.reflect.DelegatingMethodAccessorImpl.invoke(DelegatingMethodAccessorImpl.java:43)
	at com.kms.katalon.core.context.internal.TestHooker.invokeMethod(TestHooker.java:111)
	at com.kms.katalon.core.context.internal.TestHooker.lambda$3(TestHooker.java:95)
	at com.kms.katalon.core.context.internal.TestHooker.invokeContextMethods(TestHooker.java:94)
	at com.kms.katalon.core.context.internal.TestListenerCollector.lambda$3(TestListenerCollector.java:88)
	at com.kms.katalon.core.context.internal.TestListenerCollector.handleListenerEvent(TestListenerCollector.java:85)
	at com.kms.katalon.core.context.internal.ExecutionEventManager.publicEvent(ExecutionEventManager.java:36)
	at com.kms.katalon.core.main.TestCaseExecutor.execute(TestCaseExecutor.java:315)
	at com.kms.katalon.core.common.CommonExecutor.accessTestCaseMainPhase(CommonExecutor.java:65)
	at com.kms.katalon.core.main.TestSuiteExecutor.accessTestSuiteMainPhase(TestSuiteExecutor.java:148)
	at com.kms.katalon.core.main.TestSuiteExecutor.execute(TestSuiteExecutor.java:106)
	at com.kms.katalon.core.main.TestCaseMain.startTestSuite(TestCaseMain.java:180)
	at TempTestSuite1721359240774.run(TempTestSuite1721359240774.groovy:35)
	at java.base/jdk.internal.reflect.NativeMethodAccessorImpl.invoke0(Native Method)
	at java.base/jdk.internal.reflect.NativeMethodAccessorImpl.invoke(NativeMethodAccessorImpl.java:77)
	at java.base/jdk.internal.reflect.DelegatingMethodAccessorImpl.invoke(DelegatingMethodAccessorImpl.java:43)
Caused by: com.kms.katalon.core.exception.StepFailedException: No driver found
	at java.base/jdk.internal.reflect.NativeConstructorAccessorImpl.newInstance0(Native Method)
	at java.base/jdk.internal.reflect.NativeConstructorAccessorImpl.newInstance(NativeConstructorAccessorImpl.java:77)
	at java.base/jdk.internal.reflect.DelegatingConstructorAccessorImpl.newInstance(DelegatingConstructorAccessorImpl.java:45)
	at com.kms.katalon.core.mobile.keyword.internal.MobileAbstractKeyword.getAnyAppiumDriver(MobileAbstractKeyword.groovy:43)
	at java.base/jdk.internal.reflect.NativeMethodAccessorImpl.invoke0(Native Method)
	at java.base/jdk.internal.reflect.NativeMethodAccessorImpl.invoke(NativeMethodAccessorImpl.java:77)
	at java.base/jdk.internal.reflect.DelegatingMethodAccessorImpl.invoke(DelegatingMethodAccessorImpl.java:43)
	at com.kms.katalon.core.mobile.keyword.builtin.CloseApplicationKeyword$_closeApplication_closure1.doCall(CloseApplicationKeyword.groovy:38)
	at com.kms.katalon.core.mobile.keyword.builtin.CloseApplicationKeyword$_closeApplication_closure1.call(CloseApplicationKeyword.groovy)
	at com.kms.katalon.core.mobile.keyword.internal.MobileKeywordMain.runKeyword(MobileKeywordMain.groovy:19)
	... 23 more
)

19-07-2024T10:22:58 - [MESSAGE][ERROR] - com.kms.katalon.core.exception.StepFailedException: Unable to close app
	at com.kms.katalon.core.mobile.keyword.internal.MobileKeywordMain.stepFailed(MobileKeywordMain.groovy:38)
	at com.kms.katalon.core.mobile.keyword.internal.MobileKeywordMain.runKeyword(MobileKeywordMain.groovy:21)
	at com.kms.katalon.core.mobile.keyword.builtin.CloseApplicationKeyword.closeApplication(CloseApplicationKeyword.groovy:37)
	at com.kms.katalon.core.mobile.keyword.builtin.CloseApplicationKeyword.execute(CloseApplicationKeyword.groovy:32)
	at com.kms.katalon.core.keyword.internal.KeywordExecutor.executeKeywordForPlatform(KeywordExecutor.groovy:74)
	at com.kms.katalon.core.mobile.keyword.MobileBuiltInKeywords.closeApplication(MobileBuiltInKeywords.groovy:134)
	at BaseTest.closeApplication(BaseTest.groovy:36)
	at java.base/jdk.internal.reflect.NativeMethodAccessorImpl.invoke0(Native Method)
	at java.base/jdk.internal.reflect.NativeMethodAccessorImpl.invoke(NativeMethodAccessorImpl.java:77)
	at java.base/jdk.internal.reflect.DelegatingMethodAccessorImpl.invoke(DelegatingMethodAccessorImpl.java:43)
	at com.kms.katalon.core.context.internal.TestHooker.invokeMethod(TestHooker.java:111)
	at com.kms.katalon.core.context.internal.TestHooker.lambda$3(TestHooker.java:95)
	at com.kms.katalon.core.context.internal.TestHooker.invokeContextMethods(TestHooker.java:94)
	at com.kms.katalon.core.context.internal.TestListenerCollector.lambda$3(TestListenerCollector.java:88)
	at com.kms.katalon.core.context.internal.TestListenerCollector.handleListenerEvent(TestListenerCollector.java:85)
	at com.kms.katalon.core.context.internal.ExecutionEventManager.publicEvent(ExecutionEventManager.java:36)
	at com.kms.katalon.core.main.TestCaseExecutor.execute(TestCaseExecutor.java:315)
	at com.kms.katalon.core.common.CommonExecutor.accessTestCaseMainPhase(CommonExecutor.java:65)
	at com.kms.katalon.core.main.TestSuiteExecutor.accessTestSuiteMainPhase(TestSuiteExecutor.java:148)
	at com.kms.katalon.core.main.TestSuiteExecutor.execute(TestSuiteExecutor.java:106)
	at com.kms.katalon.core.main.TestCaseMain.startTestSuite(TestCaseMain.java:180)
	at TempTestSuite1721359240774.run(TempTestSuite1721359240774.groovy:35)
	at java.base/jdk.internal.reflect.NativeMethodAccessorImpl.invoke0(Native Method)
	at java.base/jdk.internal.reflect.NativeMethodAccessorImpl.invoke(NativeMethodAccessorImpl.java:77)
	at java.base/jdk.internal.reflect.DelegatingMethodAccessorImpl.invoke(DelegatingMethodAccessorImpl.java:43)
Caused by: com.kms.katalon.core.exception.StepFailedException: No driver found
	at java.base/jdk.internal.reflect.NativeConstructorAccessorImpl.newInstance0(Native Method)
	at java.base/jdk.internal.reflect.NativeConstructorAccessorImpl.newInstance(NativeConstructorAccessorImpl.java:77)
	at java.base/jdk.internal.reflect.DelegatingConstructorAccessorImpl.newInstance(DelegatingConstructorAccessorImpl.java:45)
	at com.kms.katalon.core.mobile.keyword.internal.MobileAbstractKeyword.getAnyAppiumDriver(MobileAbstractKeyword.groovy:43)
	at java.base/jdk.internal.reflect.NativeMethodAccessorImpl.invoke0(Native Method)
	at java.base/jdk.internal.reflect.NativeMethodAccessorImpl.invoke(NativeMethodAccessorImpl.java:77)
	at java.base/jdk.internal.reflect.DelegatingMethodAccessorImpl.invoke(DelegatingMethodAccessorImpl.java:43)
	at com.kms.katalon.core.mobile.keyword.builtin.CloseApplicationKeyword$_closeApplication_closure1.doCall(CloseApplicationKeyword.groovy:38)
	at com.kms.katalon.core.mobile.keyword.builtin.CloseApplicationKeyword$_closeApplication_closure1.call(CloseApplicationKeyword.groovy)
	at com.kms.katalon.core.mobile.keyword.internal.MobileKeywordMain.runKeyword(MobileKeywordMain.groovy:19)
	... 23 more


19-07-2024T10:22:58 - [TEST_STEP][PASSED] - Start listener action : closeBrowser: null

19-07-2024T10:22:58 - [TEST_STEP][PASSED] - if (!(isAPIRunning) & isWebRunning): null]]></system-out>
         <system-err><![CDATA[]]></system-err>
      </testcase>
      <system-out><![CDATA[19-07-2024T10:20:46 - [TEST_SUITE][FAILED] - API Regression Test: Test Cases/API/Patient Management/GET_Verify get patient accounts list successfully FAILED.
Reason:
com.kms.katalon.core.exception.StepFailedException: 1 Issue(s):
> $.items[0].address: is missing but it is required
	at com.kms.katalon.core.keyword.internal.KeywordMain.stepFailed(KeywordMain.groovy:51)
	at com.kms.katalon.core.keyword.internal.KeywordMain.stepFailed(KeywordMain.groovy)
	at com.kms.katalon.core.keyword.internal.KeywordMain.stepFailed(KeywordMain.groovy:23)
	at com.kms.katalon.core.webservice.keyword.builtin.ValidateWithJsonSchema$_validateWithJsonSchema_closure1.doCall(ValidateWithJsonSchema.groovy:72)
	at com.kms.katalon.core.webservice.keyword.builtin.ValidateWithJsonSchema$_validateWithJsonSchema_closure1.call(ValidateWithJsonSchema.groovy)
	at com.kms.katalon.core.keyword.internal.KeywordMain.runKeyword(KeywordMain.groovy:75)
	at com.kms.katalon.core.webservice.keyword.builtin.ValidateWithJsonSchema.validateWithJsonSchema(ValidateWithJsonSchema.groovy:53)
	at com.kms.katalon.core.webservice.keyword.builtin.ValidateWithJsonSchema.validateWithJsonSchema(ValidateWithJsonSchema.groovy:48)
	at com.kms.katalon.core.webservice.keyword.builtin.ValidateWithJsonSchema.execute(ValidateWithJsonSchema.groovy:36)
	at com.kms.katalon.core.keyword.internal.KeywordExecutor.executeKeywordForPlatform(KeywordExecutor.groovy:74)
	at com.kms.katalon.core.webservice.keyword.WSBuiltInKeywords.validateJsonAgainstSchema(WSBuiltInKeywords.groovy:486)
	at katalon.fw.lib.BaseService.validateJsonAgainstSchema(BaseService.groovy:206)
	at GET_Verify get patient accounts list successfully.run(GET_Verify get patient accounts list successfully:18)
	at com.kms.katalon.core.main.ScriptEngine.run(ScriptEngine.java:194)
	at com.kms.katalon.core.main.ScriptEngine.runScriptAsRawText(ScriptEngine.java:119)
	at com.kms.katalon.core.main.TestCaseExecutor.runScript(TestCaseExecutor.java:448)
	at com.kms.katalon.core.main.TestCaseExecutor.doExecute(TestCaseExecutor.java:439)
	at com.kms.katalon.core.main.TestCaseExecutor.processExecutionPhase(TestCaseExecutor.java:418)
	at com.kms.katalon.core.main.TestCaseExecutor.accessMainPhase(TestCaseExecutor.java:410)
	at com.kms.katalon.core.main.TestCaseExecutor.execute(TestCaseExecutor.java:285)
	at com.kms.katalon.core.common.CommonExecutor.accessTestCaseMainPhase(CommonExecutor.java:65)
	at com.kms.katalon.core.main.TestSuiteExecutor.accessTestSuiteMainPhase(TestSuiteExecutor.java:148)
	at com.kms.katalon.core.main.TestSuiteExecutor.execute(TestSuiteExecutor.java:106)
	at com.kms.katalon.core.main.TestCaseMain.startTestSuite(TestCaseMain.java:180)
	at TempTestSuite1721359240774.run(TempTestSuite1721359240774.groovy:35)
	at java.base/jdk.internal.reflect.NativeMethodAccessorImpl.invoke0(Native Method)
	at java.base/jdk.internal.reflect.NativeMethodAccessorImpl.invoke(NativeMethodAccessorImpl.java:77)
	at java.base/jdk.internal.reflect.DelegatingMethodAccessorImpl.invoke(DelegatingMethodAccessorImpl.java:43)]]></system-out>
      <system-err><![CDATA[19-07-2024T10:20:46 - [TEST_SUITE][FAILED] - API Regression Test: Test Cases/API/Patient Management/GET_Verify get patient accounts list successfully FAILED.
Reason:
com.kms.katalon.core.exception.StepFailedException: 1 Issue(s):
> $.items[0].address: is missing but it is required
	at com.kms.katalon.core.keyword.internal.KeywordMain.stepFailed(KeywordMain.groovy:51)
	at com.kms.katalon.core.keyword.internal.KeywordMain.stepFailed(KeywordMain.groovy)
	at com.kms.katalon.core.keyword.internal.KeywordMain.stepFailed(KeywordMain.groovy:23)
	at com.kms.katalon.core.webservice.keyword.builtin.ValidateWithJsonSchema$_validateWithJsonSchema_closure1.doCall(ValidateWithJsonSchema.groovy:72)
	at com.kms.katalon.core.webservice.keyword.builtin.ValidateWithJsonSchema$_validateWithJsonSchema_closure1.call(ValidateWithJsonSchema.groovy)
	at com.kms.katalon.core.keyword.internal.KeywordMain.runKeyword(KeywordMain.groovy:75)
	at com.kms.katalon.core.webservice.keyword.builtin.ValidateWithJsonSchema.validateWithJsonSchema(ValidateWithJsonSchema.groovy:53)
	at com.kms.katalon.core.webservice.keyword.builtin.ValidateWithJsonSchema.validateWithJsonSchema(ValidateWithJsonSchema.groovy:48)
	at com.kms.katalon.core.webservice.keyword.builtin.ValidateWithJsonSchema.execute(ValidateWithJsonSchema.groovy:36)
	at com.kms.katalon.core.keyword.internal.KeywordExecutor.executeKeywordForPlatform(KeywordExecutor.groovy:74)
	at com.kms.katalon.core.webservice.keyword.WSBuiltInKeywords.validateJsonAgainstSchema(WSBuiltInKeywords.groovy:486)
	at katalon.fw.lib.BaseService.validateJsonAgainstSchema(BaseService.groovy:206)
	at GET_Verify get patient accounts list successfully.run(GET_Verify get patient accounts list successfully:18)
	at com.kms.katalon.core.main.ScriptEngine.run(ScriptEngine.java:194)
	at com.kms.katalon.core.main.ScriptEngine.runScriptAsRawText(ScriptEngine.java:119)
	at com.kms.katalon.core.main.TestCaseExecutor.runScript(TestCaseExecutor.java:448)
	at com.kms.katalon.core.main.TestCaseExecutor.doExecute(TestCaseExecutor.java:439)
	at com.kms.katalon.core.main.TestCaseExecutor.processExecutionPhase(TestCaseExecutor.java:418)
	at com.kms.katalon.core.main.TestCaseExecutor.accessMainPhase(TestCaseExecutor.java:410)
	at com.kms.katalon.core.main.TestCaseExecutor.execute(TestCaseExecutor.java:285)
	at com.kms.katalon.core.common.CommonExecutor.accessTestCaseMainPhase(CommonExecutor.java:65)
	at com.kms.katalon.core.main.TestSuiteExecutor.accessTestSuiteMainPhase(TestSuiteExecutor.java:148)
	at com.kms.katalon.core.main.TestSuiteExecutor.execute(TestSuiteExecutor.java:106)
	at com.kms.katalon.core.main.TestCaseMain.startTestSuite(TestCaseMain.java:180)
	at TempTestSuite1721359240774.run(TempTestSuite1721359240774.groovy:35)
	at java.base/jdk.internal.reflect.NativeMethodAccessorImpl.invoke0(Native Method)
	at java.base/jdk.internal.reflect.NativeMethodAccessorImpl.invoke(NativeMethodAccessorImpl.java:77)
	at java.base/jdk.internal.reflect.DelegatingMethodAccessorImpl.invoke(DelegatingMethodAccessorImpl.java:43)]]></system-err>
   </testsuite>
</testsuites>
